Log file open, 04/28/17 23:06:03
LogInit:Display: Running engine for game: UMGBasics
LogPlatformFile: Not using cached read wrapper
LogInit:Display: RandInit(338357760) SRandInit(338357760).
LogTaskGraph: Started task graph with 5 named threads and 8 total threads with 1 sets of task threads.
LogStats: Stats thread started at 0.102577
LogInit: Using libcurl 7.47.1
LogInit:  - built for x86_64-pc-win32
LogInit:  - supports SSL with OpenSSL/1.0.2g
LogInit:  - supports HTTP deflate (compression) using libz 1.2.8
LogInit:  - other features:
LogInit:      CURL_VERSION_SSL
LogInit:      CURL_VERSION_LIBZ
LogInit:      CURL_VERSION_IPV6
LogInit:      CURL_VERSION_ASYNCHDNS
LogInit:      CURL_VERSION_LARGEFILE
LogInit:      CURL_VERSION_IDN
LogInit:  CurlRequestOptions (configurable via config and command line):
LogInit:  - bVerifyPeer = false  - Libcurl will NOT verify peer certificate
LogInit:  - bUseHttpProxy = false  - Libcurl will NOT use HTTP proxy
LogInit:  - bDontReuseConnections = false  - Libcurl will reuse connections
LogInit:  - CertBundlePath = nullptr  - Libcurl will use whatever was configured at build time.
LogInit: Build: ++UE4+Release-4.15-CL-3348071
LogInit: Engine Version: 4.15.1-3348071+++UE4+Release-4.15
LogInit: Compatible Engine Version: 4.15.0-3299760+++UE4+Release-4.15
LogInit: Net CL: 3299760
LogDevObjectVersion: Number of dev versions registered: 14
LogDevObjectVersion:   Dev-Blueprints (B0D832E4-1F89-4F0D-ACCF-7EB736FD4AA2): 8
LogDevObjectVersion:   Dev-Build (E1C64328-A22C-4D53-A36C-8E866417BD8C): 0
LogDevObjectVersion:   Dev-Core (375EC13C-06E4-48FB-B500-84F0262A717E): 2
LogDevObjectVersion:   Dev-Editor (E4B068ED-F494-42E9-A231-DA0B2E46BB41): 14
LogDevObjectVersion:   Dev-Framework (CFFC743F-43B0-4480-9391-14DF171D2073): 22
LogDevObjectVersion:   Dev-Mobile (B02B49B5-BB20-44E9-A304-32B752E40360): 0
LogDevObjectVersion:   Dev-Networking (A4E4105C-59A1-49B5-A7C5-40C4547EDFEE): 0
LogDevObjectVersion:   Dev-Online (39C831C9-5AE6-47DC-9A44-9C173E1C8E7C): 0
LogDevObjectVersion:   Dev-Physics (78F01B33-EBEA-4F98-B9B4-84EACCB95AA2): 0
LogDevObjectVersion:   Dev-Platform (6631380F-2D4D-43E0-8009-CF276956A95A): 0
LogDevObjectVersion:   Dev-Rendering (12F88B9F-8875-4AFC-A67C-D90C383ABD29): 12
LogDevObjectVersion:   Dev-Sequencer (7B5AE74C-D270-4C10-A958-57980B212A5A): 3
LogDevObjectVersion:   Dev-VR (D7296918-1DD6-4BDD-9DE2-64A83CC13884): 0
LogDevObjectVersion:   Dev-LoadTimes (C2A15278-BFE7-4AFE-6C17-90FF531DF755): 1
LogInit: Compiled (64-bit): Mar 15 2017 16:52:47
LogInit: Compiled with Visual C++: 19.00.23026.00
LogInit: Build Configuration: Development
LogInit: Branch Name: ++UE4+Release-4.15
LogInit: Command line: -EpicPortal 
LogInit: Base directory: C:/Program Files/Epic Games/UE_4.15/Engine/Binaries/Win64/
LogInit: Installed Engine Build: 1
LogInit: Presizing for max 8388607 objects, including 0 objects not considered by GC, pre-allocating 0 bytes for permanent pool.
LogInit: Object subsystem initialized
[2017.04.29-06.06.05:233][  0]LogInit: Selected Device Profile: [Windows]
[2017.04.29-06.06.05:233][  0]LogInit: Applying CVar settings loaded from the selected device profile: [Windows]
[2017.04.29-06.06.05:270][  0]LogInit: Computer: ULTIMATESKIBUM
[2017.04.29-06.06.05:270][  0]LogInit: User: Liam
[2017.04.29-06.06.05:270][  0]LogInit: CPU Page size=65536, Cores=4
[2017.04.29-06.06.05:270][  0]LogInit: High frequency timer resolution =3.906405 MHz
[2017.04.29-06.06.05:270][  0]LogMemory: Memory total: Physical=7.9GB (8GB approx)
[2017.04.29-06.06.05:270][  0]LogMemory: Platform Memory Stats for Windows
[2017.04.29-06.06.05:270][  0]LogMemory: Process Physical Memory: 263.90 MB used, 263.90 MB peak
[2017.04.29-06.06.05:270][  0]LogMemory: Process Virtual Memory: 262.72 MB used, 262.72 MB peak
[2017.04.29-06.06.05:270][  0]LogMemory: Physical Memory: 6726.02 MB used,  1412.98 MB free, 8139.00 MB total
[2017.04.29-06.06.05:270][  0]LogMemory: Virtual Memory: 645.13 MB used,  1412.98 MB free, 134217728.00 MB total
[2017.04.29-06.06.05:718][  0]LogTextLocalizationManager: No specific translations for ('en-US') exist, so ('en') translations will be used.
[2017.04.29-06.06.12:065][  0]LogD3D11RHI: D3D11 adapters:
[2017.04.29-06.06.12:675][  0]LogD3D11RHI:    0. 'NVIDIA GeForce GTX 770' (Feature Level 11_0)
[2017.04.29-06.06.12:675][  0]LogD3D11RHI:       4063/0/4069 MB DedicatedVideo/DedicatedSystem/SharedSystem, Outputs:1, VendorId:0x10de
[2017.04.29-06.06.12:692][  0]LogD3D11RHI:    1. 'Microsoft Basic Render Driver' (Feature Level 11_0)
[2017.04.29-06.06.12:692][  0]LogD3D11RHI:       0/0/4069 MB DedicatedVideo/DedicatedSystem/SharedSystem, Outputs:0, VendorId:0x1414
[2017.04.29-06.06.12:692][  0]LogD3D11RHI: Chosen D3D11 Adapter: 0
[2017.04.29-06.06.12:701][  0]LogD3D11RHI: Creating new Direct3DDevice
[2017.04.29-06.06.12:701][  0]LogD3D11RHI:     GPU DeviceId: 0x1184 (for the marketing name, search the web for "GPU Device Id")
[2017.04.29-06.06.12:701][  0]LogWindows: EnumDisplayDevices:
[2017.04.29-06.06.12:701][  0]LogWindows:    0. 'NVIDIA GeForce GTX 770' (P:1 D:1)
[2017.04.29-06.06.12:701][  0]LogWindows:    1. 'NVIDIA GeForce GTX 770' (P:0 D:0)
[2017.04.29-06.06.12:701][  0]LogWindows:    2. 'NVIDIA GeForce GTX 770' (P:0 D:0)
[2017.04.29-06.06.12:702][  0]LogWindows:    3. 'NVIDIA GeForce GTX 770' (P:0 D:0)
[2017.04.29-06.06.12:702][  0]LogWindows: DebugString: FoundDriverCount:4 
[2017.04.29-06.06.12:702][  0]LogD3D11RHI:     Adapter Name: NVIDIA GeForce GTX 770
[2017.04.29-06.06.12:702][  0]LogD3D11RHI:   Driver Version: 381.89 (internal:22.21.13.8189, unified:381.89)
[2017.04.29-06.06.12:702][  0]LogD3D11RHI:      Driver Date: 4-19-2017
[2017.04.29-06.06.12:702][  0]LogRHI: Texture pool is 1361 MB (70% of 1945 MB)
[2017.04.29-06.06.13:187][  0]LogD3D11RHI:Warning: Timestamp queries are currently disabled on this hardware due to instability. Realtime GPU stats will not be available. You can override this behaviour by setting r.NVIDIATimestampWorkaround to 0
[2017.04.29-06.06.13:188][  0]LogD3D11RHI: Async texture creation enabled
[2017.04.29-06.06.13:419][  0]LogD3D11RHI: GPU Timing Frequency: 1000.000000 (Debug: 2 2)
[2017.04.29-06.06.13:469][  0]LogShaderCompilers: Guid format shader working directory is -19 characters bigger than the processId version (../../../../../../Users/Liam/Documents/Unreal Projects/UMGBasics/Intermediate/Shaders/WorkingDirectory/8560/).
[2017.04.29-06.06.13:469][  0]LogShaderCompilers: Cleaned the shader compiler working directory 'C:/Users/Liam/AppData/Local/Temp/UnrealShaderWorkingDir/6949A15C45BFF85D753A5189AB3009DC/'.
[2017.04.29-06.06.13:469][  0]LogShaderCompilers:Display: Using Local Shader Compiler.
[2017.04.29-06.06.17:160][  0]LogTemp:Display: Loaded TP AllDesktopTargetPlatform
[2017.04.29-06.06.17:260][  0]LogTemp:Display: Loaded TP MacClientTargetPlatform
[2017.04.29-06.06.17:364][  0]LogTemp:Display: Loaded TP MacNoEditorTargetPlatform
[2017.04.29-06.06.17:497][  0]LogTemp:Display: Loaded TP MacServerTargetPlatform
[2017.04.29-06.06.17:667][  0]LogTemp:Display: Loaded TP MacTargetPlatform
[2017.04.29-06.06.17:790][  0]LogTemp:Display: Loaded TP WindowsClientTargetPlatform
[2017.04.29-06.06.17:934][  0]LogTemp:Display: Loaded TP WindowsNoEditorTargetPlatform
[2017.04.29-06.06.18:054][  0]LogTemp:Display: Loaded TP WindowsServerTargetPlatform
[2017.04.29-06.06.18:157][  0]LogTemp:Display: Loaded TP WindowsTargetPlatform
[2017.04.29-06.06.18:287][  0]LogTemp:Display: Loaded TP AndroidTargetPlatform
[2017.04.29-06.06.18:398][  0]LogTemp:Display: Loaded TP Android_ASTCTargetPlatform
[2017.04.29-06.06.18:511][  0]LogTemp:Display: Loaded TP Android_ATCTargetPlatform
[2017.04.29-06.06.18:609][  0]LogTemp:Display: Loaded TP Android_DXTTargetPlatform
[2017.04.29-06.06.18:713][  0]LogTemp:Display: Loaded TP Android_ETC1TargetPlatform
[2017.04.29-06.06.18:818][  0]LogTemp:Display: Loaded TP Android_ETC2TargetPlatform
[2017.04.29-06.06.19:021][  0]LogTemp:Display: Loaded TP Android_MultiTargetPlatform
[2017.04.29-06.06.19:021][  0]LogTemp:Display: Loaded TP Android_PVRTCTargetPlatform
[2017.04.29-06.06.19:104][  0]LogTemp:Display: Loaded TP HTML5TargetPlatform
[2017.04.29-06.06.19:331][  0]LogTemp:Display: Loaded TP IOSTargetPlatform
[2017.04.29-06.06.19:394][  0]LogTemp:Display: Loaded TP TVOSTargetPlatform
[2017.04.29-06.06.19:515][  0]LogTemp:Display: Loaded TP LinuxClientTargetPlatform
[2017.04.29-06.06.19:621][  0]LogTemp:Display: Loaded TP LinuxNoEditorTargetPlatform
[2017.04.29-06.06.19:722][  0]LogTemp:Display: Loaded TP LinuxServerTargetPlatform
[2017.04.29-06.06.19:814][  0]LogTemp:Display: Loaded TP LinuxTargetPlatform
[2017.04.29-06.06.19:814][  0]LogTargetPlatformManager:Display: Building Assets For Windows
[2017.04.29-06.06.21:214][  0]LogDerivedDataCache:Display: Max Cache Size: 512 MB
[2017.04.29-06.06.21:814][  0]LogDerivedDataCache: Loaded boot cache 0.58s 51MB C:/Users/Liam/AppData/Local/UnrealEngine/4.15/DerivedDataCache/Boot.ddc.
[2017.04.29-06.06.21:814][  0]LogDerivedDataCache:Display: Loaded Boot cache: C:/Users/Liam/AppData/Local/UnrealEngine/4.15/DerivedDataCache/Boot.ddc
[2017.04.29-06.06.21:814][  0]LogDerivedDataCache: FDerivedDataBackendGraph:  Pak pak cache file ../../../../../../Users/Liam/Documents/Unreal Projects/UMGBasics/DerivedDataCache/DDC.ddp not found, will not use a pak cache.
[2017.04.29-06.06.21:814][  0]LogDerivedDataCache: Unable to find inner node Pak for hierarchical cache Hierarchy.
[2017.04.29-06.06.21:814][  0]LogDerivedDataCache: FDerivedDataBackendGraph:  CompressedPak pak cache file ../../../../../../Users/Liam/Documents/Unreal Projects/UMGBasics/DerivedDataCache/Compressed.ddp not found, will not use a pak cache.
[2017.04.29-06.06.21:814][  0]LogDerivedDataCache: Unable to find inner node CompressedPak for hierarchical cache Hierarchy.
[2017.04.29-06.06.21:851][  0]LogDerivedDataCache:Display: Pak cache opened for reading ../../../Engine/DerivedDataCache/Compressed.ddp.
[2017.04.29-06.06.21:863][  0]LogDerivedDataCache: Using Local data cache path C:/Users/Liam/AppData/Local/UnrealEngine/Common/DerivedDataCache: Writable
[2017.04.29-06.06.21:924][  0]LogSlate: Using Freetype 2.6.0
[2017.04.29-06.06.22:064][  0]LogSlate: SlateFontCache - WITH_FREETYPE: 1, WITH_HARFBUZZ: 1
[2017.04.29-06.06.22:064][  0]LogSlate: SlateFontCache - WITH_FREETYPE: 1, WITH_HARFBUZZ: 1
[2017.04.29-06.06.28:133][  0]LogInit: Selected Device Profile: [Windows]
[2017.04.29-06.06.28:139][  0]LogContentStreaming: Texture pool size is 0.00 MB
[2017.04.29-06.06.28:579][  0]LogMeshUtilities: Using QuadricMeshReduction for automatic static mesh reduction
[2017.04.29-06.06.28:687][  0]LogSimplygon: Simplygon DLL not present - disabling.
[2017.04.29-06.06.28:768][  0]LogMeshUtilities: Using SimplygonSwarm for distributed automatic mesh merging
[2017.04.29-06.06.28:768][  0]LogMeshUtilities: No automatic skeletal mesh reduction module available
[2017.04.29-06.06.28:768][  0]LogMeshUtilities: No automatic mesh merging module available
[2017.04.29-06.06.30:865][  0]LogNetVersion: GetLocalNetworkVersion: CL: 3299760, ProjectName: umgbasics, ProjectVersion: , EngineNetworkVersion: 2, GameNetworkVersion: 0, NetworkChecksum: 3030284580
[2017.04.29-06.06.31:002][  0]LogAssetRegistry: FAssetRegistry took 0.0213 seconds to start up
[2017.04.29-06.06.31:139][  0]LogPackageLocalizationCache: Processed 4 localized package path(s) for 2 prioritized culture(s) in 0.058511 seconds
[2017.04.29-06.06.31:146][  0]LogUObjectArray: 32493 objects as part of root set at end of initial load.
[2017.04.29-06.06.31:146][  0]LogUObjectAllocator: 7077024 out of 0 bytes used by permanent object pool.
[2017.04.29-06.06.31:146][  0]LogUObjectArray: CloseDisregardForGC: 0/0 objects in disregard for GC pool
[2017.04.29-06.06.31:286][  0]LogInit: WinSock: version 1.1 (2.2), MaxSocks=32767, MaxUdp=65467
[2017.04.29-06.07.17:140][  0]LogTcpMessaging: Initializing TcpMessaging bridge
[2017.04.29-06.07.17:320][  0]LogUdpMessaging: Initializing bridge on interface 0.0.0.0:0 to multicast group 230.0.0.1:6666.
[2017.04.29-06.07.20:135][  0]LogMaterial: Uniform references updated for custom material expression Custom.
[2017.04.29-06.07.21:550][  0]SourceControl: Info Source control is disabled
[2017.04.29-06.07.21:659][  0]SourceControl: Info Source control is disabled
[2017.04.29-06.07.22:028][  0]SourceControl: Info Source control is disabled
[2017.04.29-06.07.22:239][  0]SourceControl: Info Source control is disabled
[2017.04.29-06.07.25:726][  0]LogHoudiniEngine: Starting the Houdini Engine module.
[2017.04.29-06.07.25:749][  0]LogHoudiniEngine: Loaded libHAPIL.dll from HFS environment path C:/PROGRA~1/SIDEEF~1/HOUDIN~1.557/bin
[2017.04.29-06.07.25:750][  0]LogLinker:Warning: Asset '../../../Engine/Plugins/Runtime/HoudiniEngine/Content/houdini_logo.uasset' has been saved with empty engine version. The asset will be loaded but may be incompatible.
[2017.04.29-06.07.25:752][  0]LogLinker:Warning: Asset '../../../Engine/Plugins/Runtime/HoudiniEngine/Content/houdini_default_material.uasset' has been saved with empty engine version. The asset will be loaded but may be incompatible.
[2017.04.29-06.07.25:756][  0]LogLinker:Warning: Asset '../../../Engine/Plugins/Runtime/HoudiniEngine/Content/houdini_bgeo_import.uasset' has been saved with empty engine version. The asset will be loaded but may be incompatible.
[2017.04.29-06.07.30:326][  0]LogHoudiniEngine: Successfully intialized the Houdini Engine API module.
[2017.04.29-06.07.31:305][  0]LogEngine: Initializing Engine...
[2017.04.29-06.07.31:316][  0]LogHMD: Failed to initialize OpenVR with code 110
[2017.04.29-06.07.31:800][  0]LogAIModule: Creating AISystem for world Untitled
[2017.04.29-06.07.31:863][  0]LogInit: XAudio2 using 'Headset Earphone (3- Logitech G933 Gaming Headset)' : 2 channels at 44.1 kHz using 16 bits per sample (channel mask 0x3)
[2017.04.29-06.07.31:898][  0]LogInit: FAudioDevice initialized.
[2017.04.29-06.07.31:954][  0]LogDerivedDataCache: Saved boot cache 0.06s 51MB C:/Users/Liam/AppData/Local/UnrealEngine/4.15/DerivedDataCache/Boot.ddc.
[2017.04.29-06.07.31:977][  0]LogInit: Texture streaming: Enabled
[2017.04.29-06.07.32:215][  0]LogEngineSessionManager: EngineSessionManager initialized
[2017.04.29-06.07.32:465][  0]LogInit: Transaction tracking system initialized
[2017.04.29-06.07.33:208][  0]BlueprintLog: New page: Editor Load
[2017.04.29-06.07.35:591][  0]LocalizationService: Info Localization service is disabled
[2017.04.29-06.07.37:288][  0]LogConsoleResponse:Display: 
[2017.04.29-06.07.38:567][  0]LogFileCache: Scanning file cache for directory 'C:/Users/Liam/Documents/Unreal Projects/UMGBasics/Content/' took 0.01s
[2017.04.29-06.07.38:567][  0]LogCook:Display: Max memory allowance for cook 16384mb min free memory 0mb
[2017.04.29-06.07.38:567][  0]LogCook:Display: Mobile HDR setting 1
[2017.04.29-06.07.40:666][  0]LogHoudiniEngineEditor: Starting the Houdini Engine Editor module.
[2017.04.29-06.07.41:720][  0]SourceControl: Info Source control is disabled
[2017.04.29-06.07.41:770][  0]LogFactory: FactoryCreateFile: PackFactory with PackFactory (0 0 C:/Program Files/Epic Games/UE_4.15/FeaturePacks/StarterContent.upack)
[2017.04.29-06.07.41:899][  0]LogPackFactory: Finished extracting 8 files (including 0 errors).
[2017.04.29-06.07.41:918][  0]LogPackFactory: Copied "../../../Samples/StarterContent/Content/StarterContent/Architecture/Floor_400x400.uasset" to "../../../../../../Users/Liam/Documents/Unreal Projects/UMGBasics/Content/StarterContent/Architecture/Floor_400x400.uasset"
[2017.04.29-06.07.41:933][  0]LogPackFactory: Copied "../../../Samples/StarterContent/Content/StarterContent/Architecture/Pillar_50x500.uasset" to "../../../../../../Users/Liam/Documents/Unreal Projects/UMGBasics/Content/StarterContent/Architecture/Pillar_50x500.uasset"
[2017.04.29-06.07.41:954][  0]LogPackFactory: Copied "../../../Samples/StarterContent/Content/StarterContent/Architecture/SM_AssetPlatform.uasset" to "../../../../../../Users/Liam/Documents/Unreal Projects/UMGBasics/Content/StarterContent/Architecture/SM_AssetPlatform.uasset"
[2017.04.29-06.07.41:974][  0]LogPackFactory: Copied "../../../Samples/StarterContent/Content/StarterContent/Architecture/Wall_400x200.uasset" to "../../../../../../Users/Liam/Documents/Unreal Projects/UMGBasics/Content/StarterContent/Architecture/Wall_400x200.uasset"
[2017.04.29-06.07.41:990][  0]LogPackFactory: Copied "../../../Samples/StarterContent/Content/StarterContent/Architecture/Wall_400x300.uasset" to "../../../../../../Users/Liam/Documents/Unreal Projects/UMGBasics/Content/StarterContent/Architecture/Wall_400x300.uasset"
[2017.04.29-06.07.42:008][  0]LogPackFactory: Copied "../../../Samples/StarterContent/Content/StarterContent/Architecture/Wall_400x400.uasset" to "../../../../../../Users/Liam/Documents/Unreal Projects/UMGBasics/Content/StarterContent/Architecture/Wall_400x400.uasset"
[2017.04.29-06.07.42:029][  0]LogPackFactory: Copied "../../../Samples/StarterContent/Content/StarterContent/Architecture/Wall_500x500.uasset" to "../../../../../../Users/Liam/Documents/Unreal Projects/UMGBasics/Content/StarterContent/Architecture/Wall_500x500.uasset"
[2017.04.29-06.07.42:041][  0]LogPackFactory: Copied "../../../Samples/StarterContent/Content/StarterContent/Architecture/Wall_Door_400x300.uasset" to "../../../../../../Users/Liam/Documents/Unreal Projects/UMGBasics/Content/StarterContent/Architecture/Wall_Door_400x300.uasset"
[2017.04.29-06.07.42:056][  0]LogPackFactory: Copied "../../../Samples/StarterContent/Content/StarterContent/Architecture/Wall_Door_400x400.uasset" to "../../../../../../Users/Liam/Documents/Unreal Projects/UMGBasics/Content/StarterContent/Architecture/Wall_Door_400x400.uasset"
[2017.04.29-06.07.42:069][  0]LogPackFactory: Copied "../../../Samples/StarterContent/Content/StarterContent/Architecture/Wall_Window_400x300.uasset" to "../../../../../../Users/Liam/Documents/Unreal Projects/UMGBasics/Content/StarterContent/Architecture/Wall_Window_400x300.uasset"
[2017.04.29-06.07.42:086][  0]LogPackFactory: Copied "../../../Samples/StarterContent/Content/StarterContent/Architecture/Wall_Window_400x400.uasset" to "../../../../../../Users/Liam/Documents/Unreal Projects/UMGBasics/Content/StarterContent/Architecture/Wall_Window_400x400.uasset"
[2017.04.29-06.07.42:110][  0]LogPackFactory: Copied "../../../Samples/StarterContent/Content/StarterContent/Audio/Collapse01.uasset" to "../../../../../../Users/Liam/Documents/Unreal Projects/UMGBasics/Content/StarterContent/Audio/Collapse01.uasset"
[2017.04.29-06.07.42:124][  0]LogPackFactory: Copied "../../../Samples/StarterContent/Content/StarterContent/Audio/Collapse02.uasset" to "../../../../../../Users/Liam/Documents/Unreal Projects/UMGBasics/Content/StarterContent/Audio/Collapse02.uasset"
[2017.04.29-06.07.42:134][  0]LogPackFactory: Copied "../../../Samples/StarterContent/Content/StarterContent/Audio/Collapse_Cue.uasset" to "../../../../../../Users/Liam/Documents/Unreal Projects/UMGBasics/Content/StarterContent/Audio/Collapse_Cue.uasset"
[2017.04.29-06.07.42:155][  0]LogPackFactory: Copied "../../../Samples/StarterContent/Content/StarterContent/Audio/Explosion01.uasset" to "../../../../../../Users/Liam/Documents/Unreal Projects/UMGBasics/Content/StarterContent/Audio/Explosion01.uasset"
[2017.04.29-06.07.42:173][  0]LogPackFactory: Copied "../../../Samples/StarterContent/Content/StarterContent/Audio/Explosion02.uasset" to "../../../../../../Users/Liam/Documents/Unreal Projects/UMGBasics/Content/StarterContent/Audio/Explosion02.uasset"
[2017.04.29-06.07.42:188][  0]LogPackFactory: Copied "../../../Samples/StarterContent/Content/StarterContent/Audio/Explosion_Cue.uasset" to "../../../../../../Users/Liam/Documents/Unreal Projects/UMGBasics/Content/StarterContent/Audio/Explosion_Cue.uasset"
[2017.04.29-06.07.42:211][  0]LogPackFactory: Copied "../../../Samples/StarterContent/Content/StarterContent/Audio/Fire01.uasset" to "../../../../../../Users/Liam/Documents/Unreal Projects/UMGBasics/Content/StarterContent/Audio/Fire01.uasset"
[2017.04.29-06.07.42:227][  0]LogPackFactory: Copied "../../../Samples/StarterContent/Content/StarterContent/Audio/Fire01_Cue.uasset" to "../../../../../../Users/Liam/Documents/Unreal Projects/UMGBasics/Content/StarterContent/Audio/Fire01_Cue.uasset"
[2017.04.29-06.07.42:242][  0]LogPackFactory: Copied "../../../Samples/StarterContent/Content/StarterContent/Audio/Fire_Sparks01.uasset" to "../../../../../../Users/Liam/Documents/Unreal Projects/UMGBasics/Content/StarterContent/Audio/Fire_Sparks01.uasset"
[2017.04.29-06.07.42:247][  0]LogPackFactory: Copied "../../../Samples/StarterContent/Content/StarterContent/Audio/Fire_Sparks01_Cue.uasset" to "../../../../../../Users/Liam/Documents/Unreal Projects/UMGBasics/Content/StarterContent/Audio/Fire_Sparks01_Cue.uasset"
[2017.04.29-06.07.42:266][  0]LogPackFactory: Copied "../../../Samples/StarterContent/Content/StarterContent/Audio/Light01.uasset" to "../../../../../../Users/Liam/Documents/Unreal Projects/UMGBasics/Content/StarterContent/Audio/Light01.uasset"
[2017.04.29-06.07.42:268][  0]LogPackFactory: Copied "../../../Samples/StarterContent/Content/StarterContent/Audio/Light01_Cue.uasset" to "../../../../../../Users/Liam/Documents/Unreal Projects/UMGBasics/Content/StarterContent/Audio/Light01_Cue.uasset"
[2017.04.29-06.07.42:277][  0]LogPackFactory: Copied "../../../Samples/StarterContent/Content/StarterContent/Audio/Light02.uasset" to "../../../../../../Users/Liam/Documents/Unreal Projects/UMGBasics/Content/StarterContent/Audio/Light02.uasset"
[2017.04.29-06.07.42:288][  0]LogPackFactory: Copied "../../../Samples/StarterContent/Content/StarterContent/Audio/Light02_Cue.uasset" to "../../../../../../Users/Liam/Documents/Unreal Projects/UMGBasics/Content/StarterContent/Audio/Light02_Cue.uasset"
[2017.04.29-06.07.42:309][  0]LogPackFactory: Copied "../../../Samples/StarterContent/Content/StarterContent/Audio/Smoke01.uasset" to "../../../../../../Users/Liam/Documents/Unreal Projects/UMGBasics/Content/StarterContent/Audio/Smoke01.uasset"
[2017.04.29-06.07.42:314][  0]LogPackFactory: Copied "../../../Samples/StarterContent/Content/StarterContent/Audio/Smoke01_Cue.uasset" to "../../../../../../Users/Liam/Documents/Unreal Projects/UMGBasics/Content/StarterContent/Audio/Smoke01_Cue.uasset"
[2017.04.29-06.07.42:330][  0]LogPackFactory: Copied "../../../Samples/StarterContent/Content/StarterContent/Audio/Starter_Background_Cue.uasset" to "../../../../../../Users/Liam/Documents/Unreal Projects/UMGBasics/Content/StarterContent/Audio/Starter_Background_Cue.uasset"
[2017.04.29-06.07.42:365][  0]LogPackFactory: Copied "../../../Samples/StarterContent/Content/StarterContent/Audio/Starter_Birds01.uasset" to "../../../../../../Users/Liam/Documents/Unreal Projects/UMGBasics/Content/StarterContent/Audio/Starter_Birds01.uasset"
[2017.04.29-06.07.42:446][  0]LogPackFactory: Copied "../../../Samples/StarterContent/Content/StarterContent/Audio/Starter_Music01.uasset" to "../../../../../../Users/Liam/Documents/Unreal Projects/UMGBasics/Content/StarterContent/Audio/Starter_Music01.uasset"
[2017.04.29-06.07.42:487][  0]LogPackFactory: Copied "../../../Samples/StarterContent/Content/StarterContent/Audio/Starter_Music_Cue.uasset" to "../../../../../../Users/Liam/Documents/Unreal Projects/UMGBasics/Content/StarterContent/Audio/Starter_Music_Cue.uasset"
[2017.04.29-06.07.42:523][  0]LogPackFactory: Copied "../../../Samples/StarterContent/Content/StarterContent/Audio/Starter_Wind05.uasset" to "../../../../../../Users/Liam/Documents/Unreal Projects/UMGBasics/Content/StarterContent/Audio/Starter_Wind05.uasset"
[2017.04.29-06.07.42:552][  0]LogPackFactory: Copied "../../../Samples/StarterContent/Content/StarterContent/Audio/Starter_Wind06.uasset" to "../../../../../../Users/Liam/Documents/Unreal Projects/UMGBasics/Content/StarterContent/Audio/Starter_Wind06.uasset"
[2017.04.29-06.07.42:570][  0]LogPackFactory: Copied "../../../Samples/StarterContent/Content/StarterContent/Audio/Steam01.uasset" to "../../../../../../Users/Liam/Documents/Unreal Projects/UMGBasics/Content/StarterContent/Audio/Steam01.uasset"
[2017.04.29-06.07.42:574][  0]LogPackFactory: Copied "../../../Samples/StarterContent/Content/StarterContent/Audio/Steam01_Cue.uasset" to "../../../../../../Users/Liam/Documents/Unreal Projects/UMGBasics/Content/StarterContent/Audio/Steam01_Cue.uasset"
[2017.04.29-06.07.42:583][  0]LogPackFactory: Copied "../../../Samples/StarterContent/Content/StarterContent/Blueprints/Blueprint_CeilingLight.uasset" to "../../../../../../Users/Liam/Documents/Unreal Projects/UMGBasics/Content/StarterContent/Blueprints/Blueprint_CeilingLight.uasset"
[2017.04.29-06.07.42:624][  0]LogPackFactory: Copied "../../../Samples/StarterContent/Content/StarterContent/Blueprints/Blueprint_Effect_Explosion.uasset" to "../../../../../../Users/Liam/Documents/Unreal Projects/UMGBasics/Content/StarterContent/Blueprints/Blueprint_Effect_Explosion.uasset"
[2017.04.29-06.07.42:655][  0]LogPackFactory: Copied "../../../Samples/StarterContent/Content/StarterContent/Blueprints/Blueprint_Effect_Fire.uasset" to "../../../../../../Users/Liam/Documents/Unreal Projects/UMGBasics/Content/StarterContent/Blueprints/Blueprint_Effect_Fire.uasset"
[2017.04.29-06.07.42:684][  0]LogPackFactory: Copied "../../../Samples/StarterContent/Content/StarterContent/Blueprints/Blueprint_Effect_Smoke.uasset" to "../../../../../../Users/Liam/Documents/Unreal Projects/UMGBasics/Content/StarterContent/Blueprints/Blueprint_Effect_Smoke.uasset"
[2017.04.29-06.07.42:695][  0]LogPackFactory: Copied "../../../Samples/StarterContent/Content/StarterContent/Blueprints/Blueprint_Effect_Sparks.uasset" to "../../../../../../Users/Liam/Documents/Unreal Projects/UMGBasics/Content/StarterContent/Blueprints/Blueprint_Effect_Sparks.uasset"
[2017.04.29-06.07.42:705][  0]LogPackFactory: Copied "../../../Samples/StarterContent/Content/StarterContent/Blueprints/Blueprint_Effect_Steam.uasset" to "../../../../../../Users/Liam/Documents/Unreal Projects/UMGBasics/Content/StarterContent/Blueprints/Blueprint_Effect_Steam.uasset"
[2017.04.29-06.07.42:728][  0]LogPackFactory: Copied "../../../Samples/StarterContent/Content/StarterContent/Blueprints/Blueprint_WallSconce.uasset" to "../../../../../../Users/Liam/Documents/Unreal Projects/UMGBasics/Content/StarterContent/Blueprints/Blueprint_WallSconce.uasset"
[2017.04.29-06.07.42:746][  0]LogPackFactory: Copied "../../../Samples/StarterContent/Content/StarterContent/Blueprints/BP_LightStudio.uasset" to "../../../../../../Users/Liam/Documents/Unreal Projects/UMGBasics/Content/StarterContent/Blueprints/BP_LightStudio.uasset"
[2017.04.29-06.07.42:762][  0]LogPackFactory: Copied "../../../Samples/StarterContent/Content/StarterContent/Blueprints/Assets/FogBrightnessLUT.uasset" to "../../../../../../Users/Liam/Documents/Unreal Projects/UMGBasics/Content/StarterContent/Blueprints/Assets/FogBrightnessLUT.uasset"
[2017.04.29-06.07.42:781][  0]LogPackFactory: Copied "../../../Samples/StarterContent/Content/StarterContent/Blueprints/Assets/M_LightStage_Arrows.uasset" to "../../../../../../Users/Liam/Documents/Unreal Projects/UMGBasics/Content/StarterContent/Blueprints/Assets/M_LightStage_Arrows.uasset"
[2017.04.29-06.07.42:797][  0]LogPackFactory: Copied "../../../Samples/StarterContent/Content/StarterContent/Blueprints/Assets/M_LightStage_Skybox_Black.uasset" to "../../../../../../Users/Liam/Documents/Unreal Projects/UMGBasics/Content/StarterContent/Blueprints/Assets/M_LightStage_Skybox_Black.uasset"
[2017.04.29-06.07.42:811][  0]LogPackFactory: Copied "../../../Samples/StarterContent/Content/StarterContent/Blueprints/Assets/M_LightStage_Skybox_HDRI.uasset" to "../../../../../../Users/Liam/Documents/Unreal Projects/UMGBasics/Content/StarterContent/Blueprints/Assets/M_LightStage_Skybox_HDRI.uasset"
[2017.04.29-06.07.42:828][  0]LogPackFactory: Copied "../../../Samples/StarterContent/Content/StarterContent/Blueprints/Assets/M_LightStage_Skybox_Master.uasset" to "../../../../../../Users/Liam/Documents/Unreal Projects/UMGBasics/Content/StarterContent/Blueprints/Assets/M_LightStage_Skybox_Master.uasset"
[2017.04.29-06.07.42:850][  0]LogPackFactory: Copied "../../../Samples/StarterContent/Content/StarterContent/Blueprints/Assets/Skybox.uasset" to "../../../../../../Users/Liam/Documents/Unreal Projects/UMGBasics/Content/StarterContent/Blueprints/Assets/Skybox.uasset"
[2017.04.29-06.07.42:865][  0]LogPackFactory: Copied "../../../Samples/StarterContent/Content/StarterContent/Blueprints/Assets/SM_Arrows.uasset" to "../../../../../../Users/Liam/Documents/Unreal Projects/UMGBasics/Content/StarterContent/Blueprints/Assets/SM_Arrows.uasset"
[2017.04.29-06.07.42:869][  0]LogPackFactory: Copied "../../../Samples/StarterContent/Content/StarterContent/Blueprints/Assets/SunlightColorLUT.uasset" to "../../../../../../Users/Liam/Documents/Unreal Projects/UMGBasics/Content/StarterContent/Blueprints/Assets/SunlightColorLUT.uasset"
[2017.04.29-06.07.43:329][  0]LogPackFactory: Copied "../../../Samples/StarterContent/Content/StarterContent/HDRI/HDRI_Epic_Courtyard_Daylight.uasset" to "../../../../../../Users/Liam/Documents/Unreal Projects/UMGBasics/Content/StarterContent/HDRI/HDRI_Epic_Courtyard_Daylight.uasset"
[2017.04.29-06.07.43:365][  0]LogPackFactory: Copied "../../../Samples/StarterContent/Content/StarterContent/Maps/Advanced_Lighting.umap" to "../../../../../../Users/Liam/Documents/Unreal Projects/UMGBasics/Content/StarterContent/Maps/Advanced_Lighting.umap"
[2017.04.29-06.07.43:394][  0]LogPackFactory: Copied "../../../Samples/StarterContent/Content/StarterContent/Maps/Advanced_Lighting_BuiltData.uasset" to "../../../../../../Users/Liam/Documents/Unreal Projects/UMGBasics/Content/StarterContent/Maps/Advanced_Lighting_BuiltData.uasset"
[2017.04.29-06.07.43:417][  0]LogPackFactory: Copied "../../../Samples/StarterContent/Content/StarterContent/Maps/Minimal_Default.umap" to "../../../../../../Users/Liam/Documents/Unreal Projects/UMGBasics/Content/StarterContent/Maps/Minimal_Default.umap"
[2017.04.29-06.07.43:441][  0]LogPackFactory: Copied "../../../Samples/StarterContent/Content/StarterContent/Maps/Minimal_Default_BuiltData.uasset" to "../../../../../../Users/Liam/Documents/Unreal Projects/UMGBasics/Content/StarterContent/Maps/Minimal_Default_BuiltData.uasset"
[2017.04.29-06.07.43:499][  0]LogPackFactory: Copied "../../../Samples/StarterContent/Content/StarterContent/Maps/StarterMap.umap" to "../../../../../../Users/Liam/Documents/Unreal Projects/UMGBasics/Content/StarterContent/Maps/StarterMap.umap"
[2017.04.29-06.07.43:605][  0]LogPackFactory: Copied "../../../Samples/StarterContent/Content/StarterContent/Maps/StarterMap_BuiltData.uasset" to "../../../../../../Users/Liam/Documents/Unreal Projects/UMGBasics/Content/StarterContent/Maps/StarterMap_BuiltData.uasset"
[2017.04.29-06.07.43:655][  0]LogPackFactory: Copied "../../../Samples/StarterContent/Content/StarterContent/Materials/M_AssetPlatform.uasset" to "../../../../../../Users/Liam/Documents/Unreal Projects/UMGBasics/Content/StarterContent/Materials/M_AssetPlatform.uasset"
[2017.04.29-06.07.43:675][  0]LogPackFactory: Copied "../../../Samples/StarterContent/Content/StarterContent/Materials/M_Basic_Floor.uasset" to "../../../../../../Users/Liam/Documents/Unreal Projects/UMGBasics/Content/StarterContent/Materials/M_Basic_Floor.uasset"
[2017.04.29-06.07.43:694][  0]LogPackFactory: Copied "../../../Samples/StarterContent/Content/StarterContent/Materials/M_Basic_Wall.uasset" to "../../../../../../Users/Liam/Documents/Unreal Projects/UMGBasics/Content/StarterContent/Materials/M_Basic_Wall.uasset"
[2017.04.29-06.07.43:706][  0]LogPackFactory: Copied "../../../Samples/StarterContent/Content/StarterContent/Materials/M_Brick_Clay_Beveled.uasset" to "../../../../../../Users/Liam/Documents/Unreal Projects/UMGBasics/Content/StarterContent/Materials/M_Brick_Clay_Beveled.uasset"
[2017.04.29-06.07.43:728][  0]LogPackFactory: Copied "../../../Samples/StarterContent/Content/StarterContent/Materials/M_Brick_Clay_New.uasset" to "../../../../../../Users/Liam/Documents/Unreal Projects/UMGBasics/Content/StarterContent/Materials/M_Brick_Clay_New.uasset"
[2017.04.29-06.07.43:747][  0]LogPackFactory: Copied "../../../Samples/StarterContent/Content/StarterContent/Materials/M_Brick_Clay_Old.uasset" to "../../../../../../Users/Liam/Documents/Unreal Projects/UMGBasics/Content/StarterContent/Materials/M_Brick_Clay_Old.uasset"
[2017.04.29-06.07.43:764][  0]LogPackFactory: Copied "../../../Samples/StarterContent/Content/StarterContent/Materials/M_Brick_Cut_Stone.uasset" to "../../../../../../Users/Liam/Documents/Unreal Projects/UMGBasics/Content/StarterContent/Materials/M_Brick_Cut_Stone.uasset"
[2017.04.29-06.07.43:782][  0]LogPackFactory: Copied "../../../Samples/StarterContent/Content/StarterContent/Materials/M_Brick_Hewn_Stone.uasset" to "../../../../../../Users/Liam/Documents/Unreal Projects/UMGBasics/Content/StarterContent/Materials/M_Brick_Hewn_Stone.uasset"
[2017.04.29-06.07.43:803][  0]LogPackFactory: Copied "../../../Samples/StarterContent/Content/StarterContent/Materials/M_Ceramic_Tile_Checker.uasset" to "../../../../../../Users/Liam/Documents/Unreal Projects/UMGBasics/Content/StarterContent/Materials/M_Ceramic_Tile_Checker.uasset"
[2017.04.29-06.07.43:811][  0]LogPackFactory: Copied "../../../Samples/StarterContent/Content/StarterContent/Materials/M_CobbleStone_Pebble.uasset" to "../../../../../../Users/Liam/Documents/Unreal Projects/UMGBasics/Content/StarterContent/Materials/M_CobbleStone_Pebble.uasset"
[2017.04.29-06.07.43:846][  0]LogPackFactory: Copied "../../../Samples/StarterContent/Content/StarterContent/Materials/M_CobbleStone_Rough.uasset" to "../../../../../../Users/Liam/Documents/Unreal Projects/UMGBasics/Content/StarterContent/Materials/M_CobbleStone_Rough.uasset"
[2017.04.29-06.07.43:871][  0]LogPackFactory: Copied "../../../Samples/StarterContent/Content/StarterContent/Materials/M_CobbleStone_Smooth.uasset" to "../../../../../../Users/Liam/Documents/Unreal Projects/UMGBasics/Content/StarterContent/Materials/M_CobbleStone_Smooth.uasset"
[2017.04.29-06.07.43:892][  0]LogPackFactory: Copied "../../../Samples/StarterContent/Content/StarterContent/Materials/M_ColorGrid_LowSpec.uasset" to "../../../../../../Users/Liam/Documents/Unreal Projects/UMGBasics/Content/StarterContent/Materials/M_ColorGrid_LowSpec.uasset"
[2017.04.29-06.07.43:900][  0]LogPackFactory: Copied "../../../Samples/StarterContent/Content/StarterContent/Materials/M_Concrete_Grime.uasset" to "../../../../../../Users/Liam/Documents/Unreal Projects/UMGBasics/Content/StarterContent/Materials/M_Concrete_Grime.uasset"
[2017.04.29-06.07.43:936][  0]LogPackFactory: Copied "../../../Samples/StarterContent/Content/StarterContent/Materials/M_Concrete_Panels.uasset" to "../../../../../../Users/Liam/Documents/Unreal Projects/UMGBasics/Content/StarterContent/Materials/M_Concrete_Panels.uasset"
[2017.04.29-06.07.43:953][  0]LogPackFactory: Copied "../../../Samples/StarterContent/Content/StarterContent/Materials/M_Concrete_Poured.uasset" to "../../../../../../Users/Liam/Documents/Unreal Projects/UMGBasics/Content/StarterContent/Materials/M_Concrete_Poured.uasset"
[2017.04.29-06.07.43:966][  0]LogPackFactory: Copied "../../../Samples/StarterContent/Content/StarterContent/Materials/M_Concrete_Tiles.uasset" to "../../../../../../Users/Liam/Documents/Unreal Projects/UMGBasics/Content/StarterContent/Materials/M_Concrete_Tiles.uasset"
[2017.04.29-06.07.43:986][  0]LogPackFactory: Copied "../../../Samples/StarterContent/Content/StarterContent/Materials/M_Glass.uasset" to "../../../../../../Users/Liam/Documents/Unreal Projects/UMGBasics/Content/StarterContent/Materials/M_Glass.uasset"
[2017.04.29-06.07.44:010][  0]LogPackFactory: Copied "../../../Samples/StarterContent/Content/StarterContent/Materials/M_Ground_Grass.uasset" to "../../../../../../Users/Liam/Documents/Unreal Projects/UMGBasics/Content/StarterContent/Materials/M_Ground_Grass.uasset"
[2017.04.29-06.07.44:112][  0]LogPackFactory: Copied "../../../Samples/StarterContent/Content/StarterContent/Materials/M_Ground_Gravel.uasset" to "../../../../../../Users/Liam/Documents/Unreal Projects/UMGBasics/Content/StarterContent/Materials/M_Ground_Gravel.uasset"
[2017.04.29-06.07.44:136][  0]LogPackFactory: Copied "../../../Samples/StarterContent/Content/StarterContent/Materials/M_Ground_Moss.uasset" to "../../../../../../Users/Liam/Documents/Unreal Projects/UMGBasics/Content/StarterContent/Materials/M_Ground_Moss.uasset"
[2017.04.29-06.07.44:173][  0]LogPackFactory: Copied "../../../Samples/StarterContent/Content/StarterContent/Materials/M_Metal_Brushed_Nickel.uasset" to "../../../../../../Users/Liam/Documents/Unreal Projects/UMGBasics/Content/StarterContent/Materials/M_Metal_Brushed_Nickel.uasset"
[2017.04.29-06.07.44:214][  0]LogPackFactory: Copied "../../../Samples/StarterContent/Content/StarterContent/Materials/M_Metal_Burnished_Steel.uasset" to "../../../../../../Users/Liam/Documents/Unreal Projects/UMGBasics/Content/StarterContent/Materials/M_Metal_Burnished_Steel.uasset"
[2017.04.29-06.07.44:246][  0]LogPackFactory: Copied "../../../Samples/StarterContent/Content/StarterContent/Materials/M_Metal_Chrome.uasset" to "../../../../../../Users/Liam/Documents/Unreal Projects/UMGBasics/Content/StarterContent/Materials/M_Metal_Chrome.uasset"
[2017.04.29-06.07.44:279][  0]LogPackFactory: Copied "../../../Samples/StarterContent/Content/StarterContent/Materials/M_Metal_Copper.uasset" to "../../../../../../Users/Liam/Documents/Unreal Projects/UMGBasics/Content/StarterContent/Materials/M_Metal_Copper.uasset"
[2017.04.29-06.07.44:358][  0]LogPackFactory: Copied "../../../Samples/StarterContent/Content/StarterContent/Materials/M_Metal_Gold.uasset" to "../../../../../../Users/Liam/Documents/Unreal Projects/UMGBasics/Content/StarterContent/Materials/M_Metal_Gold.uasset"
[2017.04.29-06.07.44:398][  0]LogPackFactory: Copied "../../../Samples/StarterContent/Content/StarterContent/Materials/M_Metal_Rust.uasset" to "../../../../../../Users/Liam/Documents/Unreal Projects/UMGBasics/Content/StarterContent/Materials/M_Metal_Rust.uasset"
[2017.04.29-06.07.44:440][  0]LogPackFactory: Copied "../../../Samples/StarterContent/Content/StarterContent/Materials/M_Metal_Steel.uasset" to "../../../../../../Users/Liam/Documents/Unreal Projects/UMGBasics/Content/StarterContent/Materials/M_Metal_Steel.uasset"
[2017.04.29-06.07.44:568][  0]LogPackFactory: Copied "../../../Samples/StarterContent/Content/StarterContent/Materials/M_Rock_Basalt.uasset" to "../../../../../../Users/Liam/Documents/Unreal Projects/UMGBasics/Content/StarterContent/Materials/M_Rock_Basalt.uasset"
[2017.04.29-06.07.44:613][  0]LogPackFactory: Copied "../../../Samples/StarterContent/Content/StarterContent/Materials/M_Rock_Marble_Polished.uasset" to "../../../../../../Users/Liam/Documents/Unreal Projects/UMGBasics/Content/StarterContent/Materials/M_Rock_Marble_Polished.uasset"
[2017.04.29-06.07.44:634][  0]LogPackFactory: Copied "../../../Samples/StarterContent/Content/StarterContent/Materials/M_Rock_Sandstone.uasset" to "../../../../../../Users/Liam/Documents/Unreal Projects/UMGBasics/Content/StarterContent/Materials/M_Rock_Sandstone.uasset"
[2017.04.29-06.07.44:725][  0]LogPackFactory: Copied "../../../Samples/StarterContent/Content/StarterContent/Materials/M_Rock_Slate.uasset" to "../../../../../../Users/Liam/Documents/Unreal Projects/UMGBasics/Content/StarterContent/Materials/M_Rock_Slate.uasset"
[2017.04.29-06.07.44:750][  0]LogPackFactory: Copied "../../../Samples/StarterContent/Content/StarterContent/Materials/M_Tech_Checker_Dot.uasset" to "../../../../../../Users/Liam/Documents/Unreal Projects/UMGBasics/Content/StarterContent/Materials/M_Tech_Checker_Dot.uasset"
[2017.04.29-06.07.44:806][  0]LogPackFactory: Copied "../../../Samples/StarterContent/Content/StarterContent/Materials/M_Tech_Hex_Tile.uasset" to "../../../../../../Users/Liam/Documents/Unreal Projects/UMGBasics/Content/StarterContent/Materials/M_Tech_Hex_Tile.uasset"
[2017.04.29-06.07.44:853][  0]LogPackFactory: Copied "../../../Samples/StarterContent/Content/StarterContent/Materials/M_Tech_Hex_Tile_Pulse.uasset" to "../../../../../../Users/Liam/Documents/Unreal Projects/UMGBasics/Content/StarterContent/Materials/M_Tech_Hex_Tile_Pulse.uasset"
[2017.04.29-06.07.44:885][  0]LogPackFactory: Copied "../../../Samples/StarterContent/Content/StarterContent/Materials/M_Tech_Panel.uasset" to "../../../../../../Users/Liam/Documents/Unreal Projects/UMGBasics/Content/StarterContent/Materials/M_Tech_Panel.uasset"
[2017.04.29-06.07.44:941][  0]LogPackFactory: Copied "../../../Samples/StarterContent/Content/StarterContent/Materials/M_Water_Lake.uasset" to "../../../../../../Users/Liam/Documents/Unreal Projects/UMGBasics/Content/StarterContent/Materials/M_Water_Lake.uasset"
[2017.04.29-06.07.44:991][  0]LogPackFactory: Copied "../../../Samples/StarterContent/Content/StarterContent/Materials/M_Water_Ocean.uasset" to "../../../../../../Users/Liam/Documents/Unreal Projects/UMGBasics/Content/StarterContent/Materials/M_Water_Ocean.uasset"
[2017.04.29-06.07.45:048][  0]LogPackFactory: Copied "../../../Samples/StarterContent/Content/StarterContent/Materials/M_Wood_Floor_Walnut_Polished.uasset" to "../../../../../../Users/Liam/Documents/Unreal Projects/UMGBasics/Content/StarterContent/Materials/M_Wood_Floor_Walnut_Polished.uasset"
[2017.04.29-06.07.45:093][  0]LogPackFactory: Copied "../../../Samples/StarterContent/Content/StarterContent/Materials/M_Wood_Floor_Walnut_Worn.uasset" to "../../../../../../Users/Liam/Documents/Unreal Projects/UMGBasics/Content/StarterContent/Materials/M_Wood_Floor_Walnut_Worn.uasset"
[2017.04.29-06.07.45:116][  0]LogPackFactory: Copied "../../../Samples/StarterContent/Content/StarterContent/Materials/M_Wood_Oak.uasset" to "../../../../../../Users/Liam/Documents/Unreal Projects/UMGBasics/Content/StarterContent/Materials/M_Wood_Oak.uasset"
[2017.04.29-06.07.45:176][  0]LogPackFactory: Copied "../../../Samples/StarterContent/Content/StarterContent/Materials/M_Wood_Pine.uasset" to "../../../../../../Users/Liam/Documents/Unreal Projects/UMGBasics/Content/StarterContent/Materials/M_Wood_Pine.uasset"
[2017.04.29-06.07.45:200][  0]LogPackFactory: Copied "../../../Samples/StarterContent/Content/StarterContent/Materials/M_Wood_Walnut.uasset" to "../../../../../../Users/Liam/Documents/Unreal Projects/UMGBasics/Content/StarterContent/Materials/M_Wood_Walnut.uasset"
[2017.04.29-06.07.45:259][  0]LogPackFactory: Copied "../../../Samples/StarterContent/Content/StarterContent/Particles/P_Ambient_Dust.uasset" to "../../../../../../Users/Liam/Documents/Unreal Projects/UMGBasics/Content/StarterContent/Particles/P_Ambient_Dust.uasset"
[2017.04.29-06.07.45:268][  0]LogPackFactory: Copied "../../../Samples/StarterContent/Content/StarterContent/Particles/P_Explosion.uasset" to "../../../../../../Users/Liam/Documents/Unreal Projects/UMGBasics/Content/StarterContent/Particles/P_Explosion.uasset"
[2017.04.29-06.07.45:298][  0]LogPackFactory: Copied "../../../Samples/StarterContent/Content/StarterContent/Particles/P_Fire.uasset" to "../../../../../../Users/Liam/Documents/Unreal Projects/UMGBasics/Content/StarterContent/Particles/P_Fire.uasset"
[2017.04.29-06.07.45:319][  0]LogPackFactory: Copied "../../../Samples/StarterContent/Content/StarterContent/Particles/P_Smoke.uasset" to "../../../../../../Users/Liam/Documents/Unreal Projects/UMGBasics/Content/StarterContent/Particles/P_Smoke.uasset"
[2017.04.29-06.07.45:327][  0]LogPackFactory: Copied "../../../Samples/StarterContent/Content/StarterContent/Particles/P_Sparks.uasset" to "../../../../../../Users/Liam/Documents/Unreal Projects/UMGBasics/Content/StarterContent/Particles/P_Sparks.uasset"
[2017.04.29-06.07.45:359][  0]LogPackFactory: Copied "../../../Samples/StarterContent/Content/StarterContent/Particles/P_Steam_Lit.uasset" to "../../../../../../Users/Liam/Documents/Unreal Projects/UMGBasics/Content/StarterContent/Particles/P_Steam_Lit.uasset"
[2017.04.29-06.07.45:410][  0]LogPackFactory: Copied "../../../Samples/StarterContent/Content/StarterContent/Particles/Materials/M_Burst.uasset" to "../../../../../../Users/Liam/Documents/Unreal Projects/UMGBasics/Content/StarterContent/Particles/Materials/M_Burst.uasset"
[2017.04.29-06.07.45:451][  0]LogPackFactory: Copied "../../../Samples/StarterContent/Content/StarterContent/Particles/Materials/M_Dust_Particle.uasset" to "../../../../../../Users/Liam/Documents/Unreal Projects/UMGBasics/Content/StarterContent/Particles/Materials/M_Dust_Particle.uasset"
[2017.04.29-06.07.45:474][  0]LogPackFactory: Copied "../../../Samples/StarterContent/Content/StarterContent/Particles/Materials/M_explosion_subUV.uasset" to "../../../../../../Users/Liam/Documents/Unreal Projects/UMGBasics/Content/StarterContent/Particles/Materials/M_explosion_subUV.uasset"
[2017.04.29-06.07.45:497][  0]LogPackFactory: Copied "../../../Samples/StarterContent/Content/StarterContent/Particles/Materials/M_Fire_SubUV.uasset" to "../../../../../../Users/Liam/Documents/Unreal Projects/UMGBasics/Content/StarterContent/Particles/Materials/M_Fire_SubUV.uasset"
[2017.04.29-06.07.45:518][  0]LogPackFactory: Copied "../../../Samples/StarterContent/Content/StarterContent/Particles/Materials/m_flare_01.uasset" to "../../../../../../Users/Liam/Documents/Unreal Projects/UMGBasics/Content/StarterContent/Particles/Materials/m_flare_01.uasset"
[2017.04.29-06.07.45:539][  0]LogPackFactory: Copied "../../../Samples/StarterContent/Content/StarterContent/Particles/Materials/M_Heat_Distortion.uasset" to "../../../../../../Users/Liam/Documents/Unreal Projects/UMGBasics/Content/StarterContent/Particles/Materials/M_Heat_Distortion.uasset"
[2017.04.29-06.07.45:548][  0]LogPackFactory: Copied "../../../Samples/StarterContent/Content/StarterContent/Particles/Materials/M_Radial_Gradient.uasset" to "../../../../../../Users/Liam/Documents/Unreal Projects/UMGBasics/Content/StarterContent/Particles/Materials/M_Radial_Gradient.uasset"
[2017.04.29-06.07.45:576][  0]LogPackFactory: Copied "../../../Samples/StarterContent/Content/StarterContent/Particles/Materials/M_radial_ramp.uasset" to "../../../../../../Users/Liam/Documents/Unreal Projects/UMGBasics/Content/StarterContent/Particles/Materials/M_radial_ramp.uasset"
[2017.04.29-06.07.45:592][  0]LogPackFactory: Copied "../../../Samples/StarterContent/Content/StarterContent/Particles/Materials/M_smoke_subUV.uasset" to "../../../../../../Users/Liam/Documents/Unreal Projects/UMGBasics/Content/StarterContent/Particles/Materials/M_smoke_subUV.uasset"
[2017.04.29-06.07.45:606][  0]LogPackFactory: Copied "../../../Samples/StarterContent/Content/StarterContent/Particles/Materials/M_Spark.uasset" to "../../../../../../Users/Liam/Documents/Unreal Projects/UMGBasics/Content/StarterContent/Particles/Materials/M_Spark.uasset"
[2017.04.29-06.07.45:628][  0]LogPackFactory: Copied "../../../Samples/StarterContent/Content/StarterContent/Props/MaterialSphere.uasset" to "../../../../../../Users/Liam/Documents/Unreal Projects/UMGBasics/Content/StarterContent/Props/MaterialSphere.uasset"
[2017.04.29-06.07.45:636][  0]LogPackFactory: Copied "../../../Samples/StarterContent/Content/StarterContent/Props/SM_Bush.uasset" to "../../../../../../Users/Liam/Documents/Unreal Projects/UMGBasics/Content/StarterContent/Props/SM_Bush.uasset"
[2017.04.29-06.07.45:645][  0]LogPackFactory: Copied "../../../Samples/StarterContent/Content/StarterContent/Props/SM_Chair.uasset" to "../../../../../../Users/Liam/Documents/Unreal Projects/UMGBasics/Content/StarterContent/Props/SM_Chair.uasset"
[2017.04.29-06.07.45:657][  0]LogPackFactory: Copied "../../../Samples/StarterContent/Content/StarterContent/Props/SM_CornerFrame.uasset" to "../../../../../../Users/Liam/Documents/Unreal Projects/UMGBasics/Content/StarterContent/Props/SM_CornerFrame.uasset"
[2017.04.29-06.07.45:666][  0]LogPackFactory: Copied "../../../Samples/StarterContent/Content/StarterContent/Props/SM_Couch.uasset" to "../../../../../../Users/Liam/Documents/Unreal Projects/UMGBasics/Content/StarterContent/Props/SM_Couch.uasset"
[2017.04.29-06.07.45:674][  0]LogPackFactory: Copied "../../../Samples/StarterContent/Content/StarterContent/Props/SM_Door.uasset" to "../../../../../../Users/Liam/Documents/Unreal Projects/UMGBasics/Content/StarterContent/Props/SM_Door.uasset"
[2017.04.29-06.07.45:692][  0]LogPackFactory: Copied "../../../Samples/StarterContent/Content/StarterContent/Props/SM_DoorFrame.uasset" to "../../../../../../Users/Liam/Documents/Unreal Projects/UMGBasics/Content/StarterContent/Props/SM_DoorFrame.uasset"
[2017.04.29-06.07.45:710][  0]LogPackFactory: Copied "../../../Samples/StarterContent/Content/StarterContent/Props/SM_GlassWindow.uasset" to "../../../../../../Users/Liam/Documents/Unreal Projects/UMGBasics/Content/StarterContent/Props/SM_GlassWindow.uasset"
[2017.04.29-06.07.45:718][  0]LogPackFactory: Copied "../../../Samples/StarterContent/Content/StarterContent/Props/SM_Lamp_Ceiling.uasset" to "../../../../../../Users/Liam/Documents/Unreal Projects/UMGBasics/Content/StarterContent/Props/SM_Lamp_Ceiling.uasset"
[2017.04.29-06.07.45:727][  0]LogPackFactory: Copied "../../../Samples/StarterContent/Content/StarterContent/Props/SM_Lamp_Wall.uasset" to "../../../../../../Users/Liam/Documents/Unreal Projects/UMGBasics/Content/StarterContent/Props/SM_Lamp_Wall.uasset"
[2017.04.29-06.07.45:764][  0]LogPackFactory: Copied "../../../Samples/StarterContent/Content/StarterContent/Props/SM_MatPreviewMesh_02.uasset" to "../../../../../../Users/Liam/Documents/Unreal Projects/UMGBasics/Content/StarterContent/Props/SM_MatPreviewMesh_02.uasset"
[2017.04.29-06.07.45:773][  0]LogPackFactory: Copied "../../../Samples/StarterContent/Content/StarterContent/Props/SM_PillarFrame.uasset" to "../../../../../../Users/Liam/Documents/Unreal Projects/UMGBasics/Content/StarterContent/Props/SM_PillarFrame.uasset"
[2017.04.29-06.07.45:791][  0]LogPackFactory: Copied "../../../Samples/StarterContent/Content/StarterContent/Props/SM_PillarFrame300.uasset" to "../../../../../../Users/Liam/Documents/Unreal Projects/UMGBasics/Content/StarterContent/Props/SM_PillarFrame300.uasset"
[2017.04.29-06.07.45:800][  0]LogPackFactory: Copied "../../../Samples/StarterContent/Content/StarterContent/Props/SM_Rock.uasset" to "../../../../../../Users/Liam/Documents/Unreal Projects/UMGBasics/Content/StarterContent/Props/SM_Rock.uasset"
[2017.04.29-06.07.45:823][  0]LogPackFactory: Copied "../../../Samples/StarterContent/Content/StarterContent/Props/SM_Shelf.uasset" to "../../../../../../Users/Liam/Documents/Unreal Projects/UMGBasics/Content/StarterContent/Props/SM_Shelf.uasset"
[2017.04.29-06.07.45:840][  0]LogPackFactory: Copied "../../../Samples/StarterContent/Content/StarterContent/Props/SM_Stairs.uasset" to "../../../../../../Users/Liam/Documents/Unreal Projects/UMGBasics/Content/StarterContent/Props/SM_Stairs.uasset"
[2017.04.29-06.07.45:863][  0]LogPackFactory: Copied "../../../Samples/StarterContent/Content/StarterContent/Props/SM_Statue.uasset" to "../../../../../../Users/Liam/Documents/Unreal Projects/UMGBasics/Content/StarterContent/Props/SM_Statue.uasset"
[2017.04.29-06.07.45:884][  0]LogPackFactory: Copied "../../../Samples/StarterContent/Content/StarterContent/Props/SM_TableRound.uasset" to "../../../../../../Users/Liam/Documents/Unreal Projects/UMGBasics/Content/StarterContent/Props/SM_TableRound.uasset"
[2017.04.29-06.07.45:899][  0]LogPackFactory: Copied "../../../Samples/StarterContent/Content/StarterContent/Props/SM_WindowFrame.uasset" to "../../../../../../Users/Liam/Documents/Unreal Projects/UMGBasics/Content/StarterContent/Props/SM_WindowFrame.uasset"
[2017.04.29-06.07.45:916][  0]LogPackFactory: Copied "../../../Samples/StarterContent/Content/StarterContent/Props/Materials/M_Bush.uasset" to "../../../../../../Users/Liam/Documents/Unreal Projects/UMGBasics/Content/StarterContent/Props/Materials/M_Bush.uasset"
[2017.04.29-06.07.45:930][  0]LogPackFactory: Copied "../../../Samples/StarterContent/Content/StarterContent/Props/Materials/M_Chair.uasset" to "../../../../../../Users/Liam/Documents/Unreal Projects/UMGBasics/Content/StarterContent/Props/Materials/M_Chair.uasset"
[2017.04.29-06.07.45:947][  0]LogPackFactory: Copied "../../../Samples/StarterContent/Content/StarterContent/Props/Materials/M_Door.uasset" to "../../../../../../Users/Liam/Documents/Unreal Projects/UMGBasics/Content/StarterContent/Props/Materials/M_Door.uasset"
[2017.04.29-06.07.45:967][  0]LogPackFactory: Copied "../../../Samples/StarterContent/Content/StarterContent/Props/Materials/M_Frame.uasset" to "../../../../../../Users/Liam/Documents/Unreal Projects/UMGBasics/Content/StarterContent/Props/Materials/M_Frame.uasset"
[2017.04.29-06.07.45:985][  0]LogPackFactory: Copied "../../../Samples/StarterContent/Content/StarterContent/Props/Materials/M_Lamp.uasset" to "../../../../../../Users/Liam/Documents/Unreal Projects/UMGBasics/Content/StarterContent/Props/Materials/M_Lamp.uasset"
[2017.04.29-06.07.46:016][  0]LogPackFactory: Copied "../../../Samples/StarterContent/Content/StarterContent/Props/Materials/M_MaterialSphere.uasset" to "../../../../../../Users/Liam/Documents/Unreal Projects/UMGBasics/Content/StarterContent/Props/Materials/M_MaterialSphere.uasset"
[2017.04.29-06.07.46:033][  0]LogPackFactory: Copied "../../../Samples/StarterContent/Content/StarterContent/Props/Materials/M_MaterialSphere_Plain.uasset" to "../../../../../../Users/Liam/Documents/Unreal Projects/UMGBasics/Content/StarterContent/Props/Materials/M_MaterialSphere_Plain.uasset"
[2017.04.29-06.07.46:447][  0]LogPackFactory: Copied "../../../Samples/StarterContent/Content/StarterContent/Props/Materials/M_Rock.uasset" to "../../../../../../Users/Liam/Documents/Unreal Projects/UMGBasics/Content/StarterContent/Props/Materials/M_Rock.uasset"
[2017.04.29-06.07.46:466][  0]LogPackFactory: Copied "../../../Samples/StarterContent/Content/StarterContent/Props/Materials/M_Shelf.uasset" to "../../../../../../Users/Liam/Documents/Unreal Projects/UMGBasics/Content/StarterContent/Props/Materials/M_Shelf.uasset"
[2017.04.29-06.07.46:485][  0]LogPackFactory: Copied "../../../Samples/StarterContent/Content/StarterContent/Props/Materials/M_Statue.uasset" to "../../../../../../Users/Liam/Documents/Unreal Projects/UMGBasics/Content/StarterContent/Props/Materials/M_Statue.uasset"
[2017.04.29-06.07.46:501][  0]LogPackFactory: Copied "../../../Samples/StarterContent/Content/StarterContent/Props/Materials/M_StatueGlass.uasset" to "../../../../../../Users/Liam/Documents/Unreal Projects/UMGBasics/Content/StarterContent/Props/Materials/M_StatueGlass.uasset"
[2017.04.29-06.07.46:513][  0]LogPackFactory: Copied "../../../Samples/StarterContent/Content/StarterContent/Props/Materials/M_TableRound.uasset" to "../../../../../../Users/Liam/Documents/Unreal Projects/UMGBasics/Content/StarterContent/Props/Materials/M_TableRound.uasset"
[2017.04.29-06.07.46:521][  0]LogPackFactory: Copied "../../../Samples/StarterContent/Content/StarterContent/Shapes/Shape_Cone.uasset" to "../../../../../../Users/Liam/Documents/Unreal Projects/UMGBasics/Content/StarterContent/Shapes/Shape_Cone.uasset"
[2017.04.29-06.07.46:540][  0]LogPackFactory: Copied "../../../Samples/StarterContent/Content/StarterContent/Shapes/Shape_Cube.uasset" to "../../../../../../Users/Liam/Documents/Unreal Projects/UMGBasics/Content/StarterContent/Shapes/Shape_Cube.uasset"
[2017.04.29-06.07.46:559][  0]LogPackFactory: Copied "../../../Samples/StarterContent/Content/StarterContent/Shapes/Shape_Cylinder.uasset" to "../../../../../../Users/Liam/Documents/Unreal Projects/UMGBasics/Content/StarterContent/Shapes/Shape_Cylinder.uasset"
[2017.04.29-06.07.46:576][  0]LogPackFactory: Copied "../../../Samples/StarterContent/Content/StarterContent/Shapes/Shape_NarrowCapsule.uasset" to "../../../../../../Users/Liam/Documents/Unreal Projects/UMGBasics/Content/StarterContent/Shapes/Shape_NarrowCapsule.uasset"
[2017.04.29-06.07.46:592][  0]LogPackFactory: Copied "../../../Samples/StarterContent/Content/StarterContent/Shapes/Shape_Pipe.uasset" to "../../../../../../Users/Liam/Documents/Unreal Projects/UMGBasics/Content/StarterContent/Shapes/Shape_Pipe.uasset"
[2017.04.29-06.07.46:614][  0]LogPackFactory: Copied "../../../Samples/StarterContent/Content/StarterContent/Shapes/Shape_Pipe_180.uasset" to "../../../../../../Users/Liam/Documents/Unreal Projects/UMGBasics/Content/StarterContent/Shapes/Shape_Pipe_180.uasset"
[2017.04.29-06.07.46:634][  0]LogPackFactory: Copied "../../../Samples/StarterContent/Content/StarterContent/Shapes/Shape_Pipe_90.uasset" to "../../../../../../Users/Liam/Documents/Unreal Projects/UMGBasics/Content/StarterContent/Shapes/Shape_Pipe_90.uasset"
[2017.04.29-06.07.46:651][  0]LogPackFactory: Copied "../../../Samples/StarterContent/Content/StarterContent/Shapes/Shape_Plane.uasset" to "../../../../../../Users/Liam/Documents/Unreal Projects/UMGBasics/Content/StarterContent/Shapes/Shape_Plane.uasset"
[2017.04.29-06.07.46:662][  0]LogPackFactory: Copied "../../../Samples/StarterContent/Content/StarterContent/Shapes/Shape_QuadPyramid.uasset" to "../../../../../../Users/Liam/Documents/Unreal Projects/UMGBasics/Content/StarterContent/Shapes/Shape_QuadPyramid.uasset"
[2017.04.29-06.07.46:680][  0]LogPackFactory: Copied "../../../Samples/StarterContent/Content/StarterContent/Shapes/Shape_Sphere.uasset" to "../../../../../../Users/Liam/Documents/Unreal Projects/UMGBasics/Content/StarterContent/Shapes/Shape_Sphere.uasset"
[2017.04.29-06.07.46:695][  0]LogPackFactory: Copied "../../../Samples/StarterContent/Content/StarterContent/Shapes/Shape_Torus.uasset" to "../../../../../../Users/Liam/Documents/Unreal Projects/UMGBasics/Content/StarterContent/Shapes/Shape_Torus.uasset"
[2017.04.29-06.07.46:715][  0]LogPackFactory: Copied "../../../Samples/StarterContent/Content/StarterContent/Shapes/Shape_Trim.uasset" to "../../../../../../Users/Liam/Documents/Unreal Projects/UMGBasics/Content/StarterContent/Shapes/Shape_Trim.uasset"
[2017.04.29-06.07.46:738][  0]LogPackFactory: Copied "../../../Samples/StarterContent/Content/StarterContent/Shapes/Shape_Trim_90_In.uasset" to "../../../../../../Users/Liam/Documents/Unreal Projects/UMGBasics/Content/StarterContent/Shapes/Shape_Trim_90_In.uasset"
[2017.04.29-06.07.46:786][  0]LogPackFactory: Copied "../../../Samples/StarterContent/Content/StarterContent/Shapes/Shape_Trim_90_Out.uasset" to "../../../../../../Users/Liam/Documents/Unreal Projects/UMGBasics/Content/StarterContent/Shapes/Shape_Trim_90_Out.uasset"
[2017.04.29-06.07.46:803][  0]LogPackFactory: Copied "../../../Samples/StarterContent/Content/StarterContent/Shapes/Shape_TriPyramid.uasset" to "../../../../../../Users/Liam/Documents/Unreal Projects/UMGBasics/Content/StarterContent/Shapes/Shape_TriPyramid.uasset"
[2017.04.29-06.07.46:819][  0]LogPackFactory: Copied "../../../Samples/StarterContent/Content/StarterContent/Shapes/Shape_Tube.uasset" to "../../../../../../Users/Liam/Documents/Unreal Projects/UMGBasics/Content/StarterContent/Shapes/Shape_Tube.uasset"
[2017.04.29-06.07.46:832][  0]LogPackFactory: Copied "../../../Samples/StarterContent/Content/StarterContent/Shapes/Shape_Wedge_A.uasset" to "../../../../../../Users/Liam/Documents/Unreal Projects/UMGBasics/Content/StarterContent/Shapes/Shape_Wedge_A.uasset"
[2017.04.29-06.07.46:840][  0]LogPackFactory: Copied "../../../Samples/StarterContent/Content/StarterContent/Shapes/Shape_Wedge_B.uasset" to "../../../../../../Users/Liam/Documents/Unreal Projects/UMGBasics/Content/StarterContent/Shapes/Shape_Wedge_B.uasset"
[2017.04.29-06.07.46:848][  0]LogPackFactory: Copied "../../../Samples/StarterContent/Content/StarterContent/Shapes/Shape_WideCapsule.uasset" to "../../../../../../Users/Liam/Documents/Unreal Projects/UMGBasics/Content/StarterContent/Shapes/Shape_WideCapsule.uasset"
[2017.04.29-06.07.46:932][  0]LogPackFactory: Copied "../../../Samples/StarterContent/Content/StarterContent/Textures/T_Brick_Clay_Beveled_D.uasset" to "../../../../../../Users/Liam/Documents/Unreal Projects/UMGBasics/Content/StarterContent/Textures/T_Brick_Clay_Beveled_D.uasset"
[2017.04.29-06.07.47:016][  0]LogPackFactory: Copied "../../../Samples/StarterContent/Content/StarterContent/Textures/T_Brick_Clay_Beveled_M.uasset" to "../../../../../../Users/Liam/Documents/Unreal Projects/UMGBasics/Content/StarterContent/Textures/T_Brick_Clay_Beveled_M.uasset"
[2017.04.29-06.07.47:092][  0]LogPackFactory: Copied "../../../Samples/StarterContent/Content/StarterContent/Textures/T_Brick_Clay_Beveled_N.uasset" to "../../../../../../Users/Liam/Documents/Unreal Projects/UMGBasics/Content/StarterContent/Textures/T_Brick_Clay_Beveled_N.uasset"
[2017.04.29-06.07.47:168][  0]LogPackFactory: Copied "../../../Samples/StarterContent/Content/StarterContent/Textures/T_Brick_Clay_New_D.uasset" to "../../../../../../Users/Liam/Documents/Unreal Projects/UMGBasics/Content/StarterContent/Textures/T_Brick_Clay_New_D.uasset"
[2017.04.29-06.07.47:268][  0]LogPackFactory: Copied "../../../Samples/StarterContent/Content/StarterContent/Textures/T_Brick_Clay_New_M.uasset" to "../../../../../../Users/Liam/Documents/Unreal Projects/UMGBasics/Content/StarterContent/Textures/T_Brick_Clay_New_M.uasset"
[2017.04.29-06.07.47:351][  0]LogPackFactory: Copied "../../../Samples/StarterContent/Content/StarterContent/Textures/T_Brick_Clay_New_N.uasset" to "../../../../../../Users/Liam/Documents/Unreal Projects/UMGBasics/Content/StarterContent/Textures/T_Brick_Clay_New_N.uasset"
[2017.04.29-06.07.47:455][  0]LogPackFactory: Copied "../../../Samples/StarterContent/Content/StarterContent/Textures/T_Brick_Clay_Old_D.uasset" to "../../../../../../Users/Liam/Documents/Unreal Projects/UMGBasics/Content/StarterContent/Textures/T_Brick_Clay_Old_D.uasset"
[2017.04.29-06.07.47:541][  0]LogPackFactory: Copied "../../../Samples/StarterContent/Content/StarterContent/Textures/T_Brick_Clay_Old_N.uasset" to "../../../../../../Users/Liam/Documents/Unreal Projects/UMGBasics/Content/StarterContent/Textures/T_Brick_Clay_Old_N.uasset"
[2017.04.29-06.07.47:671][  0]LogPackFactory: Copied "../../../Samples/StarterContent/Content/StarterContent/Textures/T_Brick_Cut_Stone_D.uasset" to "../../../../../../Users/Liam/Documents/Unreal Projects/UMGBasics/Content/StarterContent/Textures/T_Brick_Cut_Stone_D.uasset"
[2017.04.29-06.07.47:754][  0]LogPackFactory: Copied "../../../Samples/StarterContent/Content/StarterContent/Textures/T_Brick_Cut_Stone_N.uasset" to "../../../../../../Users/Liam/Documents/Unreal Projects/UMGBasics/Content/StarterContent/Textures/T_Brick_Cut_Stone_N.uasset"
[2017.04.29-06.07.47:829][  0]LogPackFactory: Copied "../../../Samples/StarterContent/Content/StarterContent/Textures/T_Brick_Hewn_Stone_D.uasset" to "../../../../../../Users/Liam/Documents/Unreal Projects/UMGBasics/Content/StarterContent/Textures/T_Brick_Hewn_Stone_D.uasset"
[2017.04.29-06.07.47:897][  0]LogPackFactory: Copied "../../../Samples/StarterContent/Content/StarterContent/Textures/T_Brick_Hewn_Stone_M.uasset" to "../../../../../../Users/Liam/Documents/Unreal Projects/UMGBasics/Content/StarterContent/Textures/T_Brick_Hewn_Stone_M.uasset"
[2017.04.29-06.07.48:004][  0]LogPackFactory: Copied "../../../Samples/StarterContent/Content/StarterContent/Textures/T_Brick_Hewn_Stone_N.uasset" to "../../../../../../Users/Liam/Documents/Unreal Projects/UMGBasics/Content/StarterContent/Textures/T_Brick_Hewn_Stone_N.uasset"
[2017.04.29-06.07.48:036][  0]LogPackFactory: Copied "../../../Samples/StarterContent/Content/StarterContent/Textures/T_Burst_M.uasset" to "../../../../../../Users/Liam/Documents/Unreal Projects/UMGBasics/Content/StarterContent/Textures/T_Burst_M.uasset"
[2017.04.29-06.07.48:056][  0]LogPackFactory: Copied "../../../Samples/StarterContent/Content/StarterContent/Textures/T_Bush_D.uasset" to "../../../../../../Users/Liam/Documents/Unreal Projects/UMGBasics/Content/StarterContent/Textures/T_Bush_D.uasset"
[2017.04.29-06.07.48:077][  0]LogPackFactory: Copied "../../../Samples/StarterContent/Content/StarterContent/Textures/T_Bush_N.uasset" to "../../../../../../Users/Liam/Documents/Unreal Projects/UMGBasics/Content/StarterContent/Textures/T_Bush_N.uasset"
[2017.04.29-06.07.48:115][  0]LogPackFactory: Copied "../../../Samples/StarterContent/Content/StarterContent/Textures/T_Ceramic_Tile_M.uasset" to "../../../../../../Users/Liam/Documents/Unreal Projects/UMGBasics/Content/StarterContent/Textures/T_Ceramic_Tile_M.uasset"
[2017.04.29-06.07.48:139][  0]LogPackFactory: Copied "../../../Samples/StarterContent/Content/StarterContent/Textures/T_Ceramic_Tile_N.uasset" to "../../../../../../Users/Liam/Documents/Unreal Projects/UMGBasics/Content/StarterContent/Textures/T_Ceramic_Tile_N.uasset"
[2017.04.29-06.07.48:165][  0]LogPackFactory: Copied "../../../Samples/StarterContent/Content/StarterContent/Textures/T_Chair_M.uasset" to "../../../../../../Users/Liam/Documents/Unreal Projects/UMGBasics/Content/StarterContent/Textures/T_Chair_M.uasset"
[2017.04.29-06.07.48:208][  0]LogPackFactory: Copied "../../../Samples/StarterContent/Content/StarterContent/Textures/T_Chair_N.uasset" to "../../../../../../Users/Liam/Documents/Unreal Projects/UMGBasics/Content/StarterContent/Textures/T_Chair_N.uasset"
[2017.04.29-06.07.48:227][  0]LogPackFactory: Copied "../../../Samples/StarterContent/Content/StarterContent/Textures/T_Checker_Noise_M.uasset" to "../../../../../../Users/Liam/Documents/Unreal Projects/UMGBasics/Content/StarterContent/Textures/T_Checker_Noise_M.uasset"
[2017.04.29-06.07.48:338][  0]LogPackFactory: Copied "../../../Samples/StarterContent/Content/StarterContent/Textures/T_CobbleStone_Pebble_D.uasset" to "../../../../../../Users/Liam/Documents/Unreal Projects/UMGBasics/Content/StarterContent/Textures/T_CobbleStone_Pebble_D.uasset"
[2017.04.29-06.07.48:922][  0]LogPackFactory: Copied "../../../Samples/StarterContent/Content/StarterContent/Textures/T_CobbleStone_Pebble_M.uasset" to "../../../../../../Users/Liam/Documents/Unreal Projects/UMGBasics/Content/StarterContent/Textures/T_CobbleStone_Pebble_M.uasset"
[2017.04.29-06.07.49:041][  0]LogPackFactory: Copied "../../../Samples/StarterContent/Content/StarterContent/Textures/T_CobbleStone_Pebble_N.uasset" to "../../../../../../Users/Liam/Documents/Unreal Projects/UMGBasics/Content/StarterContent/Textures/T_CobbleStone_Pebble_N.uasset"
[2017.04.29-06.07.49:090][  0]LogPackFactory: Copied "../../../Samples/StarterContent/Content/StarterContent/Textures/T_CobbleStone_Rough_D.uasset" to "../../../../../../Users/Liam/Documents/Unreal Projects/UMGBasics/Content/StarterContent/Textures/T_CobbleStone_Rough_D.uasset"
[2017.04.29-06.07.49:141][  0]LogPackFactory: Copied "../../../Samples/StarterContent/Content/StarterContent/Textures/T_CobbleStone_Rough_N.uasset" to "../../../../../../Users/Liam/Documents/Unreal Projects/UMGBasics/Content/StarterContent/Textures/T_CobbleStone_Rough_N.uasset"
[2017.04.29-06.07.49:229][  0]LogPackFactory: Copied "../../../Samples/StarterContent/Content/StarterContent/Textures/T_CobbleStone_Smooth_D.uasset" to "../../../../../../Users/Liam/Documents/Unreal Projects/UMGBasics/Content/StarterContent/Textures/T_CobbleStone_Smooth_D.uasset"
[2017.04.29-06.07.49:351][  0]LogPackFactory: Copied "../../../Samples/StarterContent/Content/StarterContent/Textures/T_CobbleStone_Smooth_M.uasset" to "../../../../../../Users/Liam/Documents/Unreal Projects/UMGBasics/Content/StarterContent/Textures/T_CobbleStone_Smooth_M.uasset"
[2017.04.29-06.07.49:524][  0]LogPackFactory: Copied "../../../Samples/StarterContent/Content/StarterContent/Textures/T_CobbleStone_Smooth_N.uasset" to "../../../../../../Users/Liam/Documents/Unreal Projects/UMGBasics/Content/StarterContent/Textures/T_CobbleStone_Smooth_N.uasset"
[2017.04.29-06.07.49:823][  0]LogPackFactory: Copied "../../../Samples/StarterContent/Content/StarterContent/Textures/T_Concrete_Grime_D.uasset" to "../../../../../../Users/Liam/Documents/Unreal Projects/UMGBasics/Content/StarterContent/Textures/T_Concrete_Grime_D.uasset"
[2017.04.29-06.07.50:101][  0]LogPackFactory: Copied "../../../Samples/StarterContent/Content/StarterContent/Textures/T_Concrete_Panels_D.uasset" to "../../../../../../Users/Liam/Documents/Unreal Projects/UMGBasics/Content/StarterContent/Textures/T_Concrete_Panels_D.uasset"
[2017.04.29-06.07.50:293][  0]LogPackFactory: Copied "../../../Samples/StarterContent/Content/StarterContent/Textures/T_Concrete_Panels_N.uasset" to "../../../../../../Users/Liam/Documents/Unreal Projects/UMGBasics/Content/StarterContent/Textures/T_Concrete_Panels_N.uasset"
[2017.04.29-06.07.50:481][  0]LogPackFactory: Copied "../../../Samples/StarterContent/Content/StarterContent/Textures/T_Concrete_Poured_D.uasset" to "../../../../../../Users/Liam/Documents/Unreal Projects/UMGBasics/Content/StarterContent/Textures/T_Concrete_Poured_D.uasset"
[2017.04.29-06.07.50:716][  0]LogPackFactory: Copied "../../../Samples/StarterContent/Content/StarterContent/Textures/T_Concrete_Poured_N.uasset" to "../../../../../../Users/Liam/Documents/Unreal Projects/UMGBasics/Content/StarterContent/Textures/T_Concrete_Poured_N.uasset"
[2017.04.29-06.07.50:981][  0]LogPackFactory: Copied "../../../Samples/StarterContent/Content/StarterContent/Textures/T_Concrete_Tiles_D.uasset" to "../../../../../../Users/Liam/Documents/Unreal Projects/UMGBasics/Content/StarterContent/Textures/T_Concrete_Tiles_D.uasset"
[2017.04.29-06.07.51:201][  0]LogPackFactory: Copied "../../../Samples/StarterContent/Content/StarterContent/Textures/T_Concrete_Tiles_M.uasset" to "../../../../../../Users/Liam/Documents/Unreal Projects/UMGBasics/Content/StarterContent/Textures/T_Concrete_Tiles_M.uasset"
[2017.04.29-06.07.52:010][  0]LogPackFactory: Copied "../../../Samples/StarterContent/Content/StarterContent/Textures/T_Concrete_Tiles_N.uasset" to "../../../../../../Users/Liam/Documents/Unreal Projects/UMGBasics/Content/StarterContent/Textures/T_Concrete_Tiles_N.uasset"
[2017.04.29-06.07.52:089][  0]LogPackFactory: Copied "../../../Samples/StarterContent/Content/StarterContent/Textures/T_Concrete_Tiles_Variation_M.uasset" to "../../../../../../Users/Liam/Documents/Unreal Projects/UMGBasics/Content/StarterContent/Textures/T_Concrete_Tiles_Variation_M.uasset"
[2017.04.29-06.07.52:146][  0]LogPackFactory: Copied "../../../Samples/StarterContent/Content/StarterContent/Textures/T_Detail_Rocky_N.uasset" to "../../../../../../Users/Liam/Documents/Unreal Projects/UMGBasics/Content/StarterContent/Textures/T_Detail_Rocky_N.uasset"
[2017.04.29-06.07.52:162][  0]LogPackFactory: Copied "../../../Samples/StarterContent/Content/StarterContent/Textures/T_Door_M.uasset" to "../../../../../../Users/Liam/Documents/Unreal Projects/UMGBasics/Content/StarterContent/Textures/T_Door_M.uasset"
[2017.04.29-06.07.52:182][  0]LogPackFactory: Copied "../../../Samples/StarterContent/Content/StarterContent/Textures/T_Door_N.uasset" to "../../../../../../Users/Liam/Documents/Unreal Projects/UMGBasics/Content/StarterContent/Textures/T_Door_N.uasset"
[2017.04.29-06.07.52:200][  0]LogPackFactory: Copied "../../../Samples/StarterContent/Content/StarterContent/Textures/T_Dust_Particle_D.uasset" to "../../../../../../Users/Liam/Documents/Unreal Projects/UMGBasics/Content/StarterContent/Textures/T_Dust_Particle_D.uasset"
[2017.04.29-06.07.52:241][  0]LogPackFactory: Copied "../../../Samples/StarterContent/Content/StarterContent/Textures/T_Explosion_SubUV.uasset" to "../../../../../../Users/Liam/Documents/Unreal Projects/UMGBasics/Content/StarterContent/Textures/T_Explosion_SubUV.uasset"
[2017.04.29-06.07.52:267][  0]LogPackFactory: Copied "../../../Samples/StarterContent/Content/StarterContent/Textures/T_Fire_SubUV.uasset" to "../../../../../../Users/Liam/Documents/Unreal Projects/UMGBasics/Content/StarterContent/Textures/T_Fire_SubUV.uasset"
[2017.04.29-06.07.52:288][  0]LogPackFactory: Copied "../../../Samples/StarterContent/Content/StarterContent/Textures/T_Fire_Tiled_D.uasset" to "../../../../../../Users/Liam/Documents/Unreal Projects/UMGBasics/Content/StarterContent/Textures/T_Fire_Tiled_D.uasset"
[2017.04.29-06.07.52:336][  0]LogPackFactory: Copied "../../../Samples/StarterContent/Content/StarterContent/Textures/T_Frame_M.uasset" to "../../../../../../Users/Liam/Documents/Unreal Projects/UMGBasics/Content/StarterContent/Textures/T_Frame_M.uasset"
[2017.04.29-06.07.52:365][  0]LogPackFactory: Copied "../../../Samples/StarterContent/Content/StarterContent/Textures/T_Frame_N.uasset" to "../../../../../../Users/Liam/Documents/Unreal Projects/UMGBasics/Content/StarterContent/Textures/T_Frame_N.uasset"
[2017.04.29-06.07.52:370][  0]LogPackFactory: Copied "../../../Samples/StarterContent/Content/StarterContent/Textures/T_Gradinet_01.uasset" to "../../../../../../Users/Liam/Documents/Unreal Projects/UMGBasics/Content/StarterContent/Textures/T_Gradinet_01.uasset"
[2017.04.29-06.07.52:477][  0]LogPackFactory: Copied "../../../Samples/StarterContent/Content/StarterContent/Textures/T_Ground_Grass_D.uasset" to "../../../../../../Users/Liam/Documents/Unreal Projects/UMGBasics/Content/StarterContent/Textures/T_Ground_Grass_D.uasset"
[2017.04.29-06.07.52:583][  0]LogPackFactory: Copied "../../../Samples/StarterContent/Content/StarterContent/Textures/T_Ground_Grass_N.uasset" to "../../../../../../Users/Liam/Documents/Unreal Projects/UMGBasics/Content/StarterContent/Textures/T_Ground_Grass_N.uasset"
[2017.04.29-06.07.52:697][  0]LogPackFactory: Copied "../../../Samples/StarterContent/Content/StarterContent/Textures/T_Ground_Gravel_D.uasset" to "../../../../../../Users/Liam/Documents/Unreal Projects/UMGBasics/Content/StarterContent/Textures/T_Ground_Gravel_D.uasset"
[2017.04.29-06.07.52:772][  0]LogPackFactory: Copied "../../../Samples/StarterContent/Content/StarterContent/Textures/T_Ground_Gravel_N.uasset" to "../../../../../../Users/Liam/Documents/Unreal Projects/UMGBasics/Content/StarterContent/Textures/T_Ground_Gravel_N.uasset"
[2017.04.29-06.07.52:893][  0]LogPackFactory: Copied "../../../Samples/StarterContent/Content/StarterContent/Textures/T_ground_Moss_D.uasset" to "../../../../../../Users/Liam/Documents/Unreal Projects/UMGBasics/Content/StarterContent/Textures/T_ground_Moss_D.uasset"
[2017.04.29-06.07.52:971][  0]LogPackFactory: Copied "../../../Samples/StarterContent/Content/StarterContent/Textures/T_Ground_Moss_N.uasset" to "../../../../../../Users/Liam/Documents/Unreal Projects/UMGBasics/Content/StarterContent/Textures/T_Ground_Moss_N.uasset"
[2017.04.29-06.07.53:010][  0]LogPackFactory: Copied "../../../Samples/StarterContent/Content/StarterContent/Textures/T_Lamp_M.uasset" to "../../../../../../Users/Liam/Documents/Unreal Projects/UMGBasics/Content/StarterContent/Textures/T_Lamp_M.uasset"
[2017.04.29-06.07.53:057][  0]LogPackFactory: Copied "../../../Samples/StarterContent/Content/StarterContent/Textures/T_Lamp_N.uasset" to "../../../../../../Users/Liam/Documents/Unreal Projects/UMGBasics/Content/StarterContent/Textures/T_Lamp_N.uasset"
[2017.04.29-06.07.53:464][  0]LogPackFactory: Copied "../../../Samples/StarterContent/Content/StarterContent/Textures/T_MacroVariation.uasset" to "../../../../../../Users/Liam/Documents/Unreal Projects/UMGBasics/Content/StarterContent/Textures/T_MacroVariation.uasset"
[2017.04.29-06.07.53:571][  0]LogPackFactory: Copied "../../../Samples/StarterContent/Content/StarterContent/Textures/T_Metal_Aluminum_D.uasset" to "../../../../../../Users/Liam/Documents/Unreal Projects/UMGBasics/Content/StarterContent/Textures/T_Metal_Aluminum_D.uasset"
[2017.04.29-06.07.53:710][  0]LogPackFactory: Copied "../../../Samples/StarterContent/Content/StarterContent/Textures/T_Metal_Copper_D.uasset" to "../../../../../../Users/Liam/Documents/Unreal Projects/UMGBasics/Content/StarterContent/Textures/T_Metal_Copper_D.uasset"
[2017.04.29-06.07.53:846][  0]LogPackFactory: Copied "../../../Samples/StarterContent/Content/StarterContent/Textures/T_Metal_Gold_D.uasset" to "../../../../../../Users/Liam/Documents/Unreal Projects/UMGBasics/Content/StarterContent/Textures/T_Metal_Gold_D.uasset"
[2017.04.29-06.07.54:345][  0]LogPackFactory: Copied "../../../Samples/StarterContent/Content/StarterContent/Textures/T_Metal_Gold_N.uasset" to "../../../../../../Users/Liam/Documents/Unreal Projects/UMGBasics/Content/StarterContent/Textures/T_Metal_Gold_N.uasset"
[2017.04.29-06.07.54:460][  0]LogPackFactory: Copied "../../../Samples/StarterContent/Content/StarterContent/Textures/T_Metal_Rust_D.uasset" to "../../../../../../Users/Liam/Documents/Unreal Projects/UMGBasics/Content/StarterContent/Textures/T_Metal_Rust_D.uasset"
[2017.04.29-06.07.54:924][  0]LogPackFactory: Copied "../../../Samples/StarterContent/Content/StarterContent/Textures/T_Metal_Rust_N.uasset" to "../../../../../../Users/Liam/Documents/Unreal Projects/UMGBasics/Content/StarterContent/Textures/T_Metal_Rust_N.uasset"
[2017.04.29-06.07.55:200][  0]LogPackFactory: Copied "../../../Samples/StarterContent/Content/StarterContent/Textures/T_Metal_Steel_D.uasset" to "../../../../../../Users/Liam/Documents/Unreal Projects/UMGBasics/Content/StarterContent/Textures/T_Metal_Steel_D.uasset"
[2017.04.29-06.07.55:688][  0]LogPackFactory: Copied "../../../Samples/StarterContent/Content/StarterContent/Textures/T_Metal_Steel_N.uasset" to "../../../../../../Users/Liam/Documents/Unreal Projects/UMGBasics/Content/StarterContent/Textures/T_Metal_Steel_N.uasset"
[2017.04.29-06.07.55:802][  0]LogPackFactory: Copied "../../../Samples/StarterContent/Content/StarterContent/Textures/T_Perlin_Noise_M.uasset" to "../../../../../../Users/Liam/Documents/Unreal Projects/UMGBasics/Content/StarterContent/Textures/T_Perlin_Noise_M.uasset"
[2017.04.29-06.07.55:906][  0]LogPackFactory: Copied "../../../Samples/StarterContent/Content/StarterContent/Textures/T_RockMesh_M.uasset" to "../../../../../../Users/Liam/Documents/Unreal Projects/UMGBasics/Content/StarterContent/Textures/T_RockMesh_M.uasset"
[2017.04.29-06.07.56:062][  0]LogPackFactory: Copied "../../../Samples/StarterContent/Content/StarterContent/Textures/T_RockMesh_N.uasset" to "../../../../../../Users/Liam/Documents/Unreal Projects/UMGBasics/Content/StarterContent/Textures/T_RockMesh_N.uasset"
[2017.04.29-06.07.56:397][  0]LogPackFactory: Copied "../../../Samples/StarterContent/Content/StarterContent/Textures/T_Rock_Basalt_D.uasset" to "../../../../../../Users/Liam/Documents/Unreal Projects/UMGBasics/Content/StarterContent/Textures/T_Rock_Basalt_D.uasset"
[2017.04.29-06.07.56:487][  0]LogPackFactory: Copied "../../../Samples/StarterContent/Content/StarterContent/Textures/T_Rock_Basalt_N.uasset" to "../../../../../../Users/Liam/Documents/Unreal Projects/UMGBasics/Content/StarterContent/Textures/T_Rock_Basalt_N.uasset"
[2017.04.29-06.07.56:689][  0]LogPackFactory: Copied "../../../Samples/StarterContent/Content/StarterContent/Textures/T_Rock_Marble_Polished_D.uasset" to "../../../../../../Users/Liam/Documents/Unreal Projects/UMGBasics/Content/StarterContent/Textures/T_Rock_Marble_Polished_D.uasset"
[2017.04.29-06.07.56:962][  0]LogPackFactory: Copied "../../../Samples/StarterContent/Content/StarterContent/Textures/T_Rock_Sandstone_D.uasset" to "../../../../../../Users/Liam/Documents/Unreal Projects/UMGBasics/Content/StarterContent/Textures/T_Rock_Sandstone_D.uasset"
[2017.04.29-06.07.57:182][  0]LogPackFactory: Copied "../../../Samples/StarterContent/Content/StarterContent/Textures/T_Rock_Sandstone_N.uasset" to "../../../../../../Users/Liam/Documents/Unreal Projects/UMGBasics/Content/StarterContent/Textures/T_Rock_Sandstone_N.uasset"
[2017.04.29-06.07.57:342][  0]LogPackFactory: Copied "../../../Samples/StarterContent/Content/StarterContent/Textures/T_Rock_Slate_D.uasset" to "../../../../../../Users/Liam/Documents/Unreal Projects/UMGBasics/Content/StarterContent/Textures/T_Rock_Slate_D.uasset"
[2017.04.29-06.07.58:087][  0]LogPackFactory: Copied "../../../Samples/StarterContent/Content/StarterContent/Textures/T_Rock_Slate_N.uasset" to "../../../../../../Users/Liam/Documents/Unreal Projects/UMGBasics/Content/StarterContent/Textures/T_Rock_Slate_N.uasset"
[2017.04.29-06.07.58:518][  0]LogPackFactory: Copied "../../../Samples/StarterContent/Content/StarterContent/Textures/T_Rock_Smooth_Granite_D.uasset" to "../../../../../../Users/Liam/Documents/Unreal Projects/UMGBasics/Content/StarterContent/Textures/T_Rock_Smooth_Granite_D.uasset"
[2017.04.29-06.07.58:589][  0]LogPackFactory: Copied "../../../Samples/StarterContent/Content/StarterContent/Textures/T_Shelf_M.uasset" to "../../../../../../Users/Liam/Documents/Unreal Projects/UMGBasics/Content/StarterContent/Textures/T_Shelf_M.uasset"
[2017.04.29-06.07.58:650][  0]LogPackFactory: Copied "../../../Samples/StarterContent/Content/StarterContent/Textures/T_Shelf_N.uasset" to "../../../../../../Users/Liam/Documents/Unreal Projects/UMGBasics/Content/StarterContent/Textures/T_Shelf_N.uasset"
[2017.04.29-06.07.59:067][  0]LogPackFactory: Copied "../../../Samples/StarterContent/Content/StarterContent/Textures/T_Single_Tile_N.uasset" to "../../../../../../Users/Liam/Documents/Unreal Projects/UMGBasics/Content/StarterContent/Textures/T_Single_Tile_N.uasset"
[2017.04.29-06.07.59:121][  0]LogPackFactory: Copied "../../../Samples/StarterContent/Content/StarterContent/Textures/T_Smoke_SubUV.uasset" to "../../../../../../Users/Liam/Documents/Unreal Projects/UMGBasics/Content/StarterContent/Textures/T_Smoke_SubUV.uasset"
[2017.04.29-06.07.59:156][  0]LogPackFactory: Copied "../../../Samples/StarterContent/Content/StarterContent/Textures/T_Smoke_Tiled_D.uasset" to "../../../../../../Users/Liam/Documents/Unreal Projects/UMGBasics/Content/StarterContent/Textures/T_Smoke_Tiled_D.uasset"
[2017.04.29-06.07.59:244][  0]LogPackFactory: Copied "../../../Samples/StarterContent/Content/StarterContent/Textures/T_Spark_Core.uasset" to "../../../../../../Users/Liam/Documents/Unreal Projects/UMGBasics/Content/StarterContent/Textures/T_Spark_Core.uasset"
[2017.04.29-06.07.59:329][  0]LogPackFactory: Copied "../../../Samples/StarterContent/Content/StarterContent/Textures/T_Statue_M.uasset" to "../../../../../../Users/Liam/Documents/Unreal Projects/UMGBasics/Content/StarterContent/Textures/T_Statue_M.uasset"
[2017.04.29-06.07.59:378][  0]LogPackFactory: Copied "../../../Samples/StarterContent/Content/StarterContent/Textures/T_Statue_N.uasset" to "../../../../../../Users/Liam/Documents/Unreal Projects/UMGBasics/Content/StarterContent/Textures/T_Statue_N.uasset"
[2017.04.29-06.07.59:412][  0]LogPackFactory: Copied "../../../Samples/StarterContent/Content/StarterContent/Textures/T_TableRound_M.uasset" to "../../../../../../Users/Liam/Documents/Unreal Projects/UMGBasics/Content/StarterContent/Textures/T_TableRound_M.uasset"
[2017.04.29-06.07.59:439][  0]LogPackFactory: Copied "../../../Samples/StarterContent/Content/StarterContent/Textures/T_TableRound_N.uasset" to "../../../../../../Users/Liam/Documents/Unreal Projects/UMGBasics/Content/StarterContent/Textures/T_TableRound_N.uasset"
[2017.04.29-06.07.59:472][  0]LogPackFactory: Copied "../../../Samples/StarterContent/Content/StarterContent/Textures/T_Tech_Dot_M.uasset" to "../../../../../../Users/Liam/Documents/Unreal Projects/UMGBasics/Content/StarterContent/Textures/T_Tech_Dot_M.uasset"
[2017.04.29-06.07.59:487][  0]LogPackFactory: Copied "../../../Samples/StarterContent/Content/StarterContent/Textures/T_Tech_Dot_N.uasset" to "../../../../../../Users/Liam/Documents/Unreal Projects/UMGBasics/Content/StarterContent/Textures/T_Tech_Dot_N.uasset"
[2017.04.29-06.07.59:520][  0]LogPackFactory: Copied "../../../Samples/StarterContent/Content/StarterContent/Textures/T_Tech_Hex_Tile_M.uasset" to "../../../../../../Users/Liam/Documents/Unreal Projects/UMGBasics/Content/StarterContent/Textures/T_Tech_Hex_Tile_M.uasset"
[2017.04.29-06.07.59:538][  0]LogPackFactory: Copied "../../../Samples/StarterContent/Content/StarterContent/Textures/T_Tech_Hex_Tile_N.uasset" to "../../../../../../Users/Liam/Documents/Unreal Projects/UMGBasics/Content/StarterContent/Textures/T_Tech_Hex_Tile_N.uasset"
[2017.04.29-06.07.59:556][  0]LogPackFactory: Copied "../../../Samples/StarterContent/Content/StarterContent/Textures/T_Tech_Panel_M.uasset" to "../../../../../../Users/Liam/Documents/Unreal Projects/UMGBasics/Content/StarterContent/Textures/T_Tech_Panel_M.uasset"
[2017.04.29-06.07.59:583][  0]LogPackFactory: Copied "../../../Samples/StarterContent/Content/StarterContent/Textures/T_Tech_Panel_N.uasset" to "../../../../../../Users/Liam/Documents/Unreal Projects/UMGBasics/Content/StarterContent/Textures/T_Tech_Panel_N.uasset"
[2017.04.29-06.07.59:632][  0]LogPackFactory: Copied "../../../Samples/StarterContent/Content/StarterContent/Textures/T_Water_M.uasset" to "../../../../../../Users/Liam/Documents/Unreal Projects/UMGBasics/Content/StarterContent/Textures/T_Water_M.uasset"
[2017.04.29-06.07.59:663][  0]LogPackFactory: Copied "../../../Samples/StarterContent/Content/StarterContent/Textures/T_Water_N.uasset" to "../../../../../../Users/Liam/Documents/Unreal Projects/UMGBasics/Content/StarterContent/Textures/T_Water_N.uasset"
[2017.04.29-06.07.59:733][  0]LogPackFactory: Copied "../../../Samples/StarterContent/Content/StarterContent/Textures/T_Wood_Floor_Walnut_D.uasset" to "../../../../../../Users/Liam/Documents/Unreal Projects/UMGBasics/Content/StarterContent/Textures/T_Wood_Floor_Walnut_D.uasset"
[2017.04.29-06.07.59:777][  0]LogPackFactory: Copied "../../../Samples/StarterContent/Content/StarterContent/Textures/T_Wood_Floor_Walnut_M.uasset" to "../../../../../../Users/Liam/Documents/Unreal Projects/UMGBasics/Content/StarterContent/Textures/T_Wood_Floor_Walnut_M.uasset"
[2017.04.29-06.07.59:809][  0]LogPackFactory: Copied "../../../Samples/StarterContent/Content/StarterContent/Textures/T_Wood_Floor_Walnut_N.uasset" to "../../../../../../Users/Liam/Documents/Unreal Projects/UMGBasics/Content/StarterContent/Textures/T_Wood_Floor_Walnut_N.uasset"
[2017.04.29-06.07.59:883][  0]LogPackFactory: Copied "../../../Samples/StarterContent/Content/StarterContent/Textures/T_Wood_Oak_D.uasset" to "../../../../../../Users/Liam/Documents/Unreal Projects/UMGBasics/Content/StarterContent/Textures/T_Wood_Oak_D.uasset"
[2017.04.29-06.07.59:986][  0]LogPackFactory: Copied "../../../Samples/StarterContent/Content/StarterContent/Textures/T_Wood_Oak_N.uasset" to "../../../../../../Users/Liam/Documents/Unreal Projects/UMGBasics/Content/StarterContent/Textures/T_Wood_Oak_N.uasset"
[2017.04.29-06.08.00:174][  0]LogPackFactory: Copied "../../../Samples/StarterContent/Content/StarterContent/Textures/T_Wood_Pine_D.uasset" to "../../../../../../Users/Liam/Documents/Unreal Projects/UMGBasics/Content/StarterContent/Textures/T_Wood_Pine_D.uasset"
[2017.04.29-06.08.00:259][  0]LogPackFactory: Copied "../../../Samples/StarterContent/Content/StarterContent/Textures/T_Wood_Pine_N.uasset" to "../../../../../../Users/Liam/Documents/Unreal Projects/UMGBasics/Content/StarterContent/Textures/T_Wood_Pine_N.uasset"
[2017.04.29-06.08.00:327][  0]LogPackFactory: Copied "../../../Samples/StarterContent/Content/StarterContent/Textures/T_Wood_Walnut_D.uasset" to "../../../../../../Users/Liam/Documents/Unreal Projects/UMGBasics/Content/StarterContent/Textures/T_Wood_Walnut_D.uasset"
[2017.04.29-06.08.00:390][  0]LogPackFactory: Copied "../../../Samples/StarterContent/Content/StarterContent/Textures/T_Wood_Walnut_N.uasset" to "../../../../../../Users/Liam/Documents/Unreal Projects/UMGBasics/Content/StarterContent/Textures/T_Wood_Walnut_N.uasset"
[2017.04.29-06.08.02:469][  0]LogRenderer: Reallocating scene render targets to support 256x256 NumSamples 1 (Frame:2).
[2017.04.29-06.08.03:603][  0]LogSavePackage: Save=95.04ms
[2017.04.29-06.08.03:603][  0]LogSavePackage: Moving '../../../../../../Users/Liam/Documents/Unreal Projects/UMGBasics/Saved/Floor_400x4001B87CE4D4CE06441D6B026BF858745B2.tmp' to '../../../../../../Users/Liam/Documents/Unreal Projects/UMGBasics/Content/StarterContent/Architecture/Floor_400x400.uasset'
[2017.04.29-06.08.04:086][  0]LogSavePackage:Display: Finished SavePackage ../../../../../../Users/Liam/Documents/Unreal Projects/UMGBasics/Content/StarterContent/Architecture/Floor_400x400.uasset
[2017.04.29-06.08.04:086][  0]LogFeaturePack:Warning: Inserted 1 feature packs
[2017.04.29-06.08.04:265][  0]Cmd: MAP LOAD FILE="../../../../../../Users/Liam/Documents/Unreal Projects/UMGBasics/Content/StarterContent/Maps/Minimal_Default.umap" TEMPLATE=0 SHOWPROGRESS=1 FEATURELEVEL=3
[2017.04.29-06.08.04:266][  0]LightingResults: New page: Lighting Build
[2017.04.29-06.08.04:492][  0]MapCheck: New page: Map Check
[2017.04.29-06.08.04:492][  0]LightingResults: New page: Lighting Build
[2017.04.29-06.08.07:160][  0]LogAIModule: Creating AISystem for world Minimal_Default
[2017.04.29-06.08.07:548][  0]LogEditorServer: Finished looking for orphan Actors (0.000 secs)
[2017.04.29-06.08.07:607][  0]Cmd: MAP CHECKDEP NOCLEARLOG
[2017.04.29-06.08.07:689][  0]MapCheck: Info Map check complete: 0 Error(s), 0 Warning(s), took 82.213ms to complete.
[2017.04.29-06.08.07:689][  0]LogFileHelpers: Loading map 'Minimal_Default' took 3.459
[2017.04.29-06.08.09:963][  0]LogCollectionManager: Loaded 0 collections in 0.002486 seconds
[2017.04.29-06.08.10:192][  0]LogFileCache: Scanning file cache for directory 'C:/Users/Liam/Documents/Unreal Projects/UMGBasics/Saved/Collections/' took 0.01s
[2017.04.29-06.08.10:192][  0]LogFileCache: Scanning file cache for directory 'C:/Users/Liam/Documents/Unreal Projects/UMGBasics/Content/Developers/Liam/Collections/' took 0.01s
[2017.04.29-06.08.10:192][  0]LogFileCache: Scanning file cache for directory 'C:/Users/Liam/Documents/Unreal Projects/UMGBasics/Content/Collections/' took 0.01s
[2017.04.29-06.08.10:192][  0]LogCollectionManager: Rebuilt the GUID cache for 0 collections in 0.000007 seconds
[2017.04.29-06.08.10:207][  0]LogContentBrowser: Native class hierarchy populated in 0.0137 seconds. Added 2280 classes and 459 folders.
[2017.04.29-06.08.10:282][  0]LogStats: UGameplayTagsManager::ConstructGameplayTagTree: Construct from data asset -  0.014 s
[2017.04.29-06.08.10:299][  0]LogStats: UGameplayTagsManager::ConstructGameplayTagTree: GameplayTagTreeChangedEvent.Broadcast -  0.017 s
[2017.04.29-06.08.10:438][  0]LogContentBrowser: Native class hierarchy updated for 'WidgetCarousel' in 0.0009 seconds. Added 0 classes and 0 folders.
[2017.04.29-06.08.11:625][  0]LogContentBrowser: Native class hierarchy updated for 'AddContentDialog' in 0.0007 seconds. Added 0 classes and 0 folders.
[2017.04.29-06.08.11:762][  0]LogContentBrowser: Native class hierarchy updated for 'SceneOutliner' in 0.0007 seconds. Added 1 classes and 2 folders.
[2017.04.29-06.08.12:418][  0]LogCrashTracker: Crashtracker disabled due to settings.
[2017.04.29-06.08.12:625][  0]LogUObjectGlobals:Warning: Failed to find object 'Class None.'
[2017.04.29-06.08.12:843][  0]LogContentBrowser: Native class hierarchy updated for 'HierarchicalLODOutliner' in 0.0007 seconds. Added 1 classes and 2 folders.
[2017.04.29-06.08.12:844][  0]LogLoad: (Engine Initialization) Total time: 132.62 seconds
[2017.04.29-06.08.12:844][  0]LogLoad: (Engine Initialization) Total Blueprint compile time: 0.46 seconds
[2017.04.29-06.08.12:844][  0]LogExternalProfiler: Found external profiler: VSPerf
[2017.04.29-06.08.12:844][  0]LogExternalProfiler: Using external profiler: VSPerf
[2017.04.29-06.08.12:920][  0]LogOcInput: OculusInput pre-init called
[2017.04.29-06.08.13:258][  0]LogContentStreaming: Texture pool size now 800 MB
[2017.04.29-06.08.13:398][  0]LogSlate: Took 0.014653 seconds to synchronously load lazily loaded font '../../../Engine/Content/Slate/Fonts/Roboto-Regular.ttf' (155K)
[2017.04.29-06.08.13:418][  0]LogSlate: Took 0.008901 seconds to synchronously load lazily loaded font '../../../Engine/Content/Slate/Fonts/Roboto-Bold.ttf' (160K)
[2017.04.29-06.08.13:494][  0]LogSlate: Took 0.049835 seconds to synchronously load lazily loaded font '../../../Engine/Content/Editor/Slate/Fonts/FontAwesome.ttf' (139K)
[2017.04.29-06.08.14:634][  0]LogRenderer: Reallocating scene render targets to support 1164x580 NumSamples 1 (Frame:3).
[2017.04.29-06.08.14:634][  0]LogSlate: Took 0.055826 seconds to synchronously load lazily loaded font '../../../Engine/Content/Slate/Fonts/Roboto-Light.ttf' (159K)
[2017.04.29-06.08.15:543][  3]LogAssetRegistry: Asset discovery search completed in 104.5629 seconds
[2017.04.29-06.08.15:543][  3]LogCollectionManager: Rebuilt the object cache for 0 collections in 0.000211 seconds (found 0 objects)
[2017.04.29-06.08.15:544][  3]LogCollectionManager: Fixed up redirectors for 0 collections in 0.000380 seconds (updated 0 objects)
